            {
                "_index": "lab-windows-2026.05.26",
                "_id": "nRJ-Y54BGSbUrs46dbqN",
                "_score": null,
                "_ignored": [
                    "message.keyword",
                    "event.original.keyword"
                ],
                "_source": {
                    "ecs": {
                        "version": "8.0.0"
                    },
                    "message": "An account was successfully logged on.\n\nSubject:\n\tSecurity ID:\t\tS-1-0-0\n\tAccount Name:\t\t-\n\tAccount Domain:\t\t-\n\tLogon ID:\t\t0x0\n\nLogon Information:\n\tLogon Type:\t\t3\n\tRestricted Admin Mode:\t-\n\tVirtual Account:\t\tNo\n\tElevated Token:\t\tYes\n\nImpersonation Level:\t\tImpersonation\n\nNew Logon:\n\tSecurity ID:\t\tS-1-5-18\n\tAccount Name:\t\tDC01-PROD$\n\tAccount Domain:\t\tESTIN.LOCAL\n\tLogon ID:\t\t0x93279C\n\tLinked Logon ID:\t\t0x0\n\tNetwork Account Name:\t-\n\tNetwork Account Domain:\t-\n\tLogon GUID:\t\t{94252a5a-7105-efad-ccd8-6a0a1bed77b6}\n\nProcess Information:\n\tProcess ID:\t\t0x0\n\tProcess Name:\t\t-\n\nNetwork Information:\n\tWorkstation Name:\t-\n\tSource Network Address:\t192.168.56.10\n\tSource Port:\t\t58134\n\nDetailed Authentication Information:\n\tLogon Process:\t\tKerberos\n\tAuthentication Package:\tKerberos\n\tTransited Services:\t-\n\tPackage Name (NTLM only):\t-\n\tKey Length:\t\t0\n\nThis event is generated when a logon session is created. It is generated on the computer that was accessed.\n\nThe subject fields indicate the account on the local system which requested the logon. This is most commonly a service such as the Server service, or a local process such as Winlogon.exe or Services.exe.\n\nThe logon type field indicates the kind of logon that occurred. The most common types are 2 (interactive) and 3 (network).\n\nThe New Logon fields indicate the account for whom the new logon was created, i.e. the account that was logged on.\n\nThe network fields indicate where a remote logon request originated. Workstation name is not always available and may be left blank in some cases.\n\nThe impersonation level field indicates the extent to which a process in the logon session can impersonate.\n\nThe authentication information fields provide detailed information about this specific logon request.\n\t- Logon GUID is a unique identifier that can be used to correlate this event with a KDC event.\n\t- Transited services indicate which intermediate services have participated in this logon request.\n\t- Package name indicates which sub-protocol was used among the NTLM protocols.\n\t- Key length indicates the length of the generated session key. This will be 0 if no session key was requested.",
                    "tags": [
                        "beats_input_codec_plain_applied"
                    ],
                    "host": {
                        "name": "DC01-PROD.estin.local"
                    },
                    "log": {
                        "level": "information"
                    },
                    "@version": "1",
                    "event": {
                        "action": "Logon",
                        "original": "An account was successfully logged on.\n\nSubject:\n\tSecurity ID:\t\tS-1-0-0\n\tAccount Name:\t\t-\n\tAccount Domain:\t\t-\n\tLogon ID:\t\t0x0\n\nLogon Information:\n\tLogon Type:\t\t3\n\tRestricted Admin Mode:\t-\n\tVirtual Account:\t\tNo\n\tElevated Token:\t\tYes\n\nImpersonation Level:\t\tImpersonation\n\nNew Logon:\n\tSecurity ID:\t\tS-1-5-18\n\tAccount Name:\t\tDC01-PROD$\n\tAccount Domain:\t\tESTIN.LOCAL\n\tLogon ID:\t\t0x93279C\n\tLinked Logon ID:\t\t0x0\n\tNetwork Account Name:\t-\n\tNetwork Account Domain:\t-\n\tLogon GUID:\t\t{94252a5a-7105-efad-ccd8-6a0a1bed77b6}\n\nProcess Information:\n\tProcess ID:\t\t0x0\n\tProcess Name:\t\t-\n\nNetwork Information:\n\tWorkstation Name:\t-\n\tSource Network Address:\t192.168.56.10\n\tSource Port:\t\t58134\n\nDetailed Authentication Information:\n\tLogon Process:\t\tKerberos\n\tAuthentication Package:\tKerberos\n\tTransited Services:\t-\n\tPackage Name (NTLM only):\t-\n\tKey Length:\t\t0\n\nThis event is generated when a logon session is created. It is generated on the computer that was accessed.\n\nThe subject fields indicate the account on the local system which requested the logon. This is most commonly a service such as the Server service, or a local process such as Winlogon.exe or Services.exe.\n\nThe logon type field indicates the kind of logon that occurred. The most common types are 2 (interactive) and 3 (network).\n\nThe New Logon fields indicate the account for whom the new logon was created, i.e. the account that was logged on.\n\nThe network fields indicate where a remote logon request originated. Workstation name is not always available and may be left blank in some cases.\n\nThe impersonation level field indicates the extent to which a process in the logon session can impersonate.\n\nThe authentication information fields provide detailed information about this specific logon request.\n\t- Logon GUID is a unique identifier that can be used to correlate this event with a KDC event.\n\t- Transited services indicate which intermediate services have participated in this logon request.\n\t- Package name indicates which sub-protocol was used among the NTLM protocols.\n\t- Key length indicates the length of the generated session key. This will be 0 if no session key was requested.",
                        "outcome": "success",
                        "created": "2026-05-26T08:54:42.406Z",
                        "provider": "Microsoft-Windows-Security-Auditing",
                        "code": "4624",
                        "kind": "event"
                    },
                    "log_source": "windows_security",
                    "@timestamp": "2026-05-26T08:54:41.328Z",
                    "agent": {
                        "type": "winlogbeat",
                        "id": "37dd74ad-6785-4dfe-9cd4-1894265017c6",
                        "ephemeral_id": "6bfc60b6-5446-4b6e-ba6a-7dc7f7b4313d",
                        "version": "8.13.0",
                        "name": "DC01-PROD"
                    },
                    "winlog": {
                        "channel": "Security",
                        "keywords": [
                            "Audit Success"
                        ],
                        "provider_name": "Microsoft-Windows-Security-Auditing",
                        "version": 2,
                        "record_id": 768709,
                        "provider_guid": "{54849625-5478-4994-a5ba-3e3b0328c30d}",
                        "task": "Logon",
                        "computer_name": "DC01-PROD.estin.local",
                        "event_id": "4624",
                        "process": {
                            "thread": {
                                "id": 3020
                            },
                            "pid": 624
                        },
                        "event_data": {
                            "IpPort": "58134",
                            "SubjectUserSid": "S-1-0-0",
                            "VirtualAccount": "%%1843",
                            "SubjectLogonId": "0x0",
                            "TargetUserSid": "S-1-5-18",
                            "SubjectUserName": "-",
                            "IpAddress": "192.168.56.10",
                            "TargetDomainName": "ESTIN.LOCAL",
                            "LmPackageName": "-",
                            "KeyLength": "0",
                            "LogonProcessName": "Kerberos",
                            "ImpersonationLevel": "%%1833",
                            "TargetLogonId": "0x93279c",
                            "ProcessName": "-",
                            "WorkstationName": "-",
                            "TargetLinkedLogonId": "0x0",
                            "SubjectDomainName": "-",
                            "LogonType": "3",
                            "TargetOutboundDomainName": "-",
                            "TargetUserName": "DC01-PROD$",
                            "LogonGuid": "{94252a5a-7105-efad-ccd8-6a0a1bed77b6}",
                            "AuthenticationPackageName": "Kerberos",
                            "RestrictedAdminMode": "-",
                            "TransmittedServices": "-",
                            "ElevatedToken": "%%1842",
                            "ProcessId": "0x0",
                            "TargetOutboundUserName": "-"
                        },
                        "opcode": "Info",
                        "api": "wineventlog"
                    }
                },
                "sort": [
                    1779785681328
                ]
            },
            {
                "_index": "lab-windows-2026.05.26",
                "_id": "nBJ-Y54BGSbUrs46dbqN",
                "_score": null,
                "_ignored": [
                    "message.keyword",
                    "event.original.keyword"
                ],
                "_source": {
                    "ecs": {
                        "version": "8.0.0"
                    },
                    "message": "An account was successfully logged on.\n\nSubject:\n\tSecurity ID:\t\tS-1-0-0\n\tAccount Name:\t\t-\n\tAccount Domain:\t\t-\n\tLogon ID:\t\t0x0\n\nLogon Information:\n\tLogon Type:\t\t3\n\tRestricted Admin Mode:\t-\n\tVirtual Account:\t\tNo\n\tElevated Token:\t\tYes\n\nImpersonation Level:\t\tImpersonation\n\nNew Logon:\n\tSecurity ID:\t\tS-1-5-18\n\tAccount Name:\t\tDC01-PROD$\n\tAccount Domain:\t\tESTIN.LOCAL\n\tLogon ID:\t\t0x932754\n\tLinked Logon ID:\t\t0x0\n\tNetwork Account Name:\t-\n\tNetwork Account Domain:\t-\n\tLogon GUID:\t\t{3415892e-4cde-5934-64e3-4ef0ad1848e5}\n\nProcess Information:\n\tProcess ID:\t\t0x0\n\tProcess Name:\t\t-\n\nNetwork Information:\n\tWorkstation Name:\t-\n\tSource Network Address:\t::1\n\tSource Port:\t\t0\n\nDetailed Authentication Information:\n\tLogon Process:\t\tKerberos\n\tAuthentication Package:\tKerberos\n\tTransited Services:\t-\n\tPackage Name (NTLM only):\t-\n\tKey Length:\t\t0\n\nThis event is generated when a logon session is created. It is generated on the computer that was accessed.\n\nThe subject fields indicate the account on the local system which requested the logon. This is most commonly a service such as the Server service, or a local process such as Winlogon.exe or Services.exe.\n\nThe logon type field indicates the kind of logon that occurred. The most common types are 2 (interactive) and 3 (network).\n\nThe New Logon fields indicate the account for whom the new logon was created, i.e. the account that was logged on.\n\nThe network fields indicate where a remote logon request originated. Workstation name is not always available and may be left blank in some cases.\n\nThe impersonation level field indicates the extent to which a process in the logon session can impersonate.\n\nThe authentication information fields provide detailed information about this specific logon request.\n\t- Logon GUID is a unique identifier that can be used to correlate this event with a KDC event.\n\t- Transited services indicate which intermediate services have participated in this logon request.\n\t- Package name indicates which sub-protocol was used among the NTLM protocols.\n\t- Key length indicates the length of the generated session key. This will be 0 if no session key was requested.",
                    "tags": [
                        "beats_input_codec_plain_applied"
                    ],
                    "host": {
                        "name": "DC01-PROD.estin.local"
                    },
                    "log": {
                        "level": "information"
                    },
                    "@version": "1",
                    "event": {
                        "action": "Logon",
                        "original": "An account was successfully logged on.\n\nSubject:\n\tSecurity ID:\t\tS-1-0-0\n\tAccount Name:\t\t-\n\tAccount Domain:\t\t-\n\tLogon ID:\t\t0x0\n\nLogon Information:\n\tLogon Type:\t\t3\n\tRestricted Admin Mode:\t-\n\tVirtual Account:\t\tNo\n\tElevated Token:\t\tYes\n\nImpersonation Level:\t\tImpersonation\n\nNew Logon:\n\tSecurity ID:\t\tS-1-5-18\n\tAccount Name:\t\tDC01-PROD$\n\tAccount Domain:\t\tESTIN.LOCAL\n\tLogon ID:\t\t0x932754\n\tLinked Logon ID:\t\t0x0\n\tNetwork Account Name:\t-\n\tNetwork Account Domain:\t-\n\tLogon GUID:\t\t{3415892e-4cde-5934-64e3-4ef0ad1848e5}\n\nProcess Information:\n\tProcess ID:\t\t0x0\n\tProcess Name:\t\t-\n\nNetwork Information:\n\tWorkstation Name:\t-\n\tSource Network Address:\t::1\n\tSource Port:\t\t0\n\nDetailed Authentication Information:\n\tLogon Process:\t\tKerberos\n\tAuthentication Package:\tKerberos\n\tTransited Services:\t-\n\tPackage Name (NTLM only):\t-\n\tKey Length:\t\t0\n\nThis event is generated when a logon session is created. It is generated on the computer that was accessed.\n\nThe subject fields indicate the account on the local system which requested the logon. This is most commonly a service such as the Server service, or a local process such as Winlogon.exe or Services.exe.\n\nThe logon type field indicates the kind of logon that occurred. The most common types are 2 (interactive) and 3 (network).\n\nThe New Logon fields indicate the account for whom the new logon was created, i.e. the account that was logged on.\n\nThe network fields indicate where a remote logon request originated. Workstation name is not always available and may be left blank in some cases.\n\nThe impersonation level field indicates the extent to which a process in the logon session can impersonate.\n\nThe authentication information fields provide detailed information about this specific logon request.\n\t- Logon GUID is a unique identifier that can be used to correlate this event with a KDC event.\n\t- Transited services indicate which intermediate services have participated in this logon request.\n\t- Package name indicates which sub-protocol was used among the NTLM protocols.\n\t- Key length indicates the length of the generated session key. This will be 0 if no session key was requested.",
                        "created": "2026-05-26T08:54:42.406Z",
                        "outcome": "success",
                        "provider": "Microsoft-Windows-Security-Auditing",
                        "code": "4624",
                        "kind": "event"
                    },
                    "log_source": "windows_security",
                    "@timestamp": "2026-05-26T08:54:41.325Z",
                    "agent": {
                        "id": "37dd74ad-6785-4dfe-9cd4-1894265017c6",
                        "type": "winlogbeat",
                        "ephemeral_id": "6bfc60b6-5446-4b6e-ba6a-7dc7f7b4313d",
                        "version": "8.13.0",
                        "name": "DC01-PROD"
                    },
                    "winlog": {
                        "channel": "Security",
                        "keywords": [
                            "Audit Success"
                        ],
                        "provider_name": "Microsoft-Windows-Security-Auditing",
                        "version": 2,
                        "activity_id": "{3aab1cb8-c7aa-0001-171d-ab3aaac7dc01}",
                        "record_id": 768704,
                        "provider_guid": "{54849625-5478-4994-a5ba-3e3b0328c30d}",
                        "task": "Logon",
                        "event_id": "4624",
                        "computer_name": "DC01-PROD.estin.local",
                        "event_data": {
                            "IpPort": "0",
                            "SubjectUserSid": "S-1-0-0",
                            "VirtualAccount": "%%1843",
                            "SubjectLogonId": "0x0",
                            "TargetUserSid": "S-1-5-18",
                            "SubjectUserName": "-",
                            "IpAddress": "::1",
                            "TargetDomainName": "ESTIN.LOCAL",
                            "LmPackageName": "-",
                            "KeyLength": "0",
                            "LogonProcessName": "Kerberos",
                            "ProcessName": "-",
                            "ImpersonationLevel": "%%1833",
                            "TargetLogonId": "0x932754",
                            "WorkstationName": "-",
                            "TargetLinkedLogonId": "0x0",
                            "SubjectDomainName": "-",
                            "LogonType": "3",
                            "TargetOutboundDomainName": "-",
                            "LogonGuid": "{3415892e-4cde-5934-64e3-4ef0ad1848e5}",
                            "TargetUserName": "DC01-PROD$",
                            "AuthenticationPackageName": "Kerberos",
                            "RestrictedAdminMode": "-",
                            "TransmittedServices": "-",
                            "ElevatedToken": "%%1842",
                            "ProcessId": "0x0",
                            "TargetOutboundUserName": "-"
                        },
                        "process": {
                            "pid": 624,
                            "thread": {
                                "id": 880
                            }
                        },
                        "opcode": "Info",
                        "api": "wineventlog"
                    }
                },
                "sort": [
                    1779785681325
                ]
            },
            {
                "_index": "lab-windows-2026.05.26",
                "_id": "mxJ-Y54BGSbUrs46dbqN",
                "_score": null,
                "_ignored": [
                    "message.keyword",
                    "event.original.keyword"
                ],
                "_source": {
                    "ecs": {
                        "version": "8.0.0"
                    },
                    "message": "An account was successfully logged on.\n\nSubject:\n\tSecurity ID:\t\tS-1-0-0\n\tAccount Name:\t\t-\n\tAccount Domain:\t\t-\n\tLogon ID:\t\t0x0\n\nLogon Information:\n\tLogon Type:\t\t3\n\tRestricted Admin Mode:\t-\n\tVirtual Account:\t\tNo\n\tElevated Token:\t\tYes\n\nImpersonation Level:\t\tImpersonation\n\nNew Logon:\n\tSecurity ID:\t\tS-1-5-18\n\tAccount Name:\t\tDC01-PROD$\n\tAccount Domain:\t\tESTIN.LOCAL\n\tLogon ID:\t\t0x93266D\n\tLinked Logon ID:\t\t0x0\n\tNetwork Account Name:\t-\n\tNetwork Account Domain:\t-\n\tLogon GUID:\t\t{94252a5a-7105-efad-ccd8-6a0a1bed77b6}\n\nProcess Information:\n\tProcess ID:\t\t0x0\n\tProcess Name:\t\t-\n\nNetwork Information:\n\tWorkstation Name:\t-\n\tSource Network Address:\tfe80::dc1c:fa22:db7c:e2ad\n\tSource Port:\t\t58133\n\nDetailed Authentication Information:\n\tLogon Process:\t\tKerberos\n\tAuthentication Package:\tKerberos\n\tTransited Services:\t-\n\tPackage Name (NTLM only):\t-\n\tKey Length:\t\t0\n\nThis event is generated when a logon session is created. It is generated on the computer that was accessed.\n\nThe subject fields indicate the account on the local system which requested the logon. This is most commonly a service such as the Server service, or a local process such as Winlogon.exe or Services.exe.\n\nThe logon type field indicates the kind of logon that occurred. The most common types are 2 (interactive) and 3 (network).\n\nThe New Logon fields indicate the account for whom the new logon was created, i.e. the account that was logged on.\n\nThe network fields indicate where a remote logon request originated. Workstation name is not always available and may be left blank in some cases.\n\nThe impersonation level field indicates the extent to which a process in the logon session can impersonate.\n\nThe authentication information fields provide detailed information about this specific logon request.\n\t- Logon GUID is a unique identifier that can be used to correlate this event with a KDC event.\n\t- Transited services indicate which intermediate services have participated in this logon request.\n\t- Package name indicates which sub-protocol was used among the NTLM protocols.\n\t- Key length indicates the length of the generated session key. This will be 0 if no session key was requested.",
                    "tags": [
                        "beats_input_codec_plain_applied"
                    ],
                    "host": {
                        "name": "DC01-PROD.estin.local"
                    },
                    "log": {
                        "level": "information"
                    },
                    "@version": "1",
                    "event": {
                        "action": "Logon",
                        "original": "An account was successfully logged on.\n\nSubject:\n\tSecurity ID:\t\tS-1-0-0\n\tAccount Name:\t\t-\n\tAccount Domain:\t\t-\n\tLogon ID:\t\t0x0\n\nLogon Information:\n\tLogon Type:\t\t3\n\tRestricted Admin Mode:\t-\n\tVirtual Account:\t\tNo\n\tElevated Token:\t\tYes\n\nImpersonation Level:\t\tImpersonation\n\nNew Logon:\n\tSecurity ID:\t\tS-1-5-18\n\tAccount Name:\t\tDC01-PROD$\n\tAccount Domain:\t\tESTIN.LOCAL\n\tLogon ID:\t\t0x93266D\n\tLinked Logon ID:\t\t0x0\n\tNetwork Account Name:\t-\n\tNetwork Account Domain:\t-\n\tLogon GUID:\t\t{94252a5a-7105-efad-ccd8-6a0a1bed77b6}\n\nProcess Information:\n\tProcess ID:\t\t0x0\n\tProcess Name:\t\t-\n\nNetwork Information:\n\tWorkstation Name:\t-\n\tSource Network Address:\tfe80::dc1c:fa22:db7c:e2ad\n\tSource Port:\t\t58133\n\nDetailed Authentication Information:\n\tLogon Process:\t\tKerberos\n\tAuthentication Package:\tKerberos\n\tTransited Services:\t-\n\tPackage Name (NTLM only):\t-\n\tKey Length:\t\t0\n\nThis event is generated when a logon session is created. It is generated on the computer that was accessed.\n\nThe subject fields indicate the account on the local system which requested the logon. This is most commonly a service such as the Server service, or a local process such as Winlogon.exe or Services.exe.\n\nThe logon type field indicates the kind of logon that occurred. The most common types are 2 (interactive) and 3 (network).\n\nThe New Logon fields indicate the account for whom the new logon was created, i.e. the account that was logged on.\n\nThe network fields indicate where a remote logon request originated. Workstation name is not always available and may be left blank in some cases.\n\nThe impersonation level field indicates the extent to which a process in the logon session can impersonate.\n\nThe authentication information fields provide detailed information about this specific logon request.\n\t- Logon GUID is a unique identifier that can be used to correlate this event with a KDC event.\n\t- Transited services indicate which intermediate services have participated in this logon request.\n\t- Package name indicates which sub-protocol was used among the NTLM protocols.\n\t- Key length indicates the length of the generated session key. This will be 0 if no session key was requested.",
                        "outcome": "success",
                        "created": "2026-05-26T08:54:42.406Z",
                        "provider": "Microsoft-Windows-Security-Auditing",
                        "kind": "event",
                        "code": "4624"
                    },
                    "log_source": "windows_security",
                    "@timestamp": "2026-05-26T08:54:41.321Z",
                    "agent": {
                        "type": "winlogbeat",
                        "id": "37dd74ad-6785-4dfe-9cd4-1894265017c6",
                        "ephemeral_id": "6bfc60b6-5446-4b6e-ba6a-7dc7f7b4313d",
                        "version": "8.13.0",
                        "name": "DC01-PROD"
                    },
                    "winlog": {
                        "channel": "Security",
                        "keywords": [
                            "Audit Success"
                        ],
                        "provider_name": "Microsoft-Windows-Security-Auditing",
                        "version": 2,
                        "record_id": 768702,
                        "task": "Logon",
                        "provider_guid": "{54849625-5478-4994-a5ba-3e3b0328c30d}",
                        "event_id": "4624",
                        "computer_name": "DC01-PROD.estin.local",
                        "event_data": {
                            "IpPort": "58133",
                            "SubjectUserSid": "S-1-0-0",
                            "VirtualAccount": "%%1843",
                            "SubjectLogonId": "0x0",
                            "TargetUserSid": "S-1-5-18",
                            "SubjectUserName": "-",
                            "IpAddress": "fe80::dc1c:fa22:db7c:e2ad",
                            "TargetDomainName": "ESTIN.LOCAL",
                            "LmPackageName": "-",
                            "KeyLength": "0",
                            "LogonProcessName": "Kerberos",
                            "ImpersonationLevel": "%%1833",
                            "TargetLogonId": "0x93266d",
                            "ProcessName": "-",
                            "WorkstationName": "-",
                            "TargetLinkedLogonId": "0x0",
                            "SubjectDomainName": "-",
                            "LogonType": "3",
                            "TargetOutboundDomainName": "-",
                            "TargetUserName": "DC01-PROD$",
                            "LogonGuid": "{94252a5a-7105-efad-ccd8-6a0a1bed77b6}",
                            "AuthenticationPackageName": "Kerberos",
                            "RestrictedAdminMode": "-",
                            "TransmittedServices": "-",
                            "ElevatedToken": "%%1842",
                            "ProcessId": "0x0",
                            "TargetOutboundUserName": "-"
                        },
                        "process": {
                            "pid": 624,
                            "thread": {
                                "id": 3020
                            }
                        },
                        "opcode": "Info",
                        "api": "wineventlog"
                    }
                },
                "sort": [
                    1779785681321
                ]
            },
            {
                "_index": "lab-windows-2026.05.26",
                "_id": "mhJ-Y54BGSbUrs46dbqJ",
                "_score": null,
                "_ignored": [
                    "message.keyword",
                    "event.original.keyword"
                ],
                "_source": {
                    "ecs": {
                        "version": "8.0.0"
                    },
                    "message": "An account was successfully logged on.\n\nSubject:\n\tSecurity ID:\t\tS-1-0-0\n\tAccount Name:\t\t-\n\tAccount Domain:\t\t-\n\tLogon ID:\t\t0x0\n\nLogon Information:\n\tLogon Type:\t\t3\n\tRestricted Admin Mode:\t-\n\tVirtual Account:\t\tNo\n\tElevated Token:\t\tYes\n\nImpersonation Level:\t\tImpersonation\n\nNew Logon:\n\tSecurity ID:\t\tS-1-5-18\n\tAccount Name:\t\tDC01-PROD$\n\tAccount Domain:\t\tESTIN.LOCAL\n\tLogon ID:\t\t0x932622\n\tLinked Logon ID:\t\t0x0\n\tNetwork Account Name:\t-\n\tNetwork Account Domain:\t-\n\tLogon GUID:\t\t{94252a5a-7105-efad-ccd8-6a0a1bed77b6}\n\nProcess Information:\n\tProcess ID:\t\t0x0\n\tProcess Name:\t\t-\n\nNetwork Information:\n\tWorkstation Name:\t-\n\tSource Network Address:\tfe80::dc1c:fa22:db7c:e2ad\n\tSource Port:\t\t58132\n\nDetailed Authentication Information:\n\tLogon Process:\t\tKerberos\n\tAuthentication Package:\tKerberos\n\tTransited Services:\t-\n\tPackage Name (NTLM only):\t-\n\tKey Length:\t\t0\n\nThis event is generated when a logon session is created. It is generated on the computer that was accessed.\n\nThe subject fields indicate the account on the local system which requested the logon. This is most commonly a service such as the Server service, or a local process such as Winlogon.exe or Services.exe.\n\nThe logon type field indicates the kind of logon that occurred. The most common types are 2 (interactive) and 3 (network).\n\nThe New Logon fields indicate the account for whom the new logon was created, i.e. the account that was logged on.\n\nThe network fields indicate where a remote logon request originated. Workstation name is not always available and may be left blank in some cases.\n\nThe impersonation level field indicates the extent to which a process in the logon session can impersonate.\n\nThe authentication information fields provide detailed information about this specific logon request.\n\t- Logon GUID is a unique identifier that can be used to correlate this event with a KDC event.\n\t- Transited services indicate which intermediate services have participated in this logon request.\n\t- Package name indicates which sub-protocol was used among the NTLM protocols.\n\t- Key length indicates the length of the generated session key. This will be 0 if no session key was requested.",
                    "tags": [
                        "beats_input_codec_plain_applied"
                    ],
                    "host": {
                        "name": "DC01-PROD.estin.local"
                    },
                    "log": {
                        "level": "information"
                    },
                    "@version": "1",
                    "event": {
                        "action": "Logon",
                        "original": "An account was successfully logged on.\n\nSubject:\n\tSecurity ID:\t\tS-1-0-0\n\tAccount Name:\t\t-\n\tAccount Domain:\t\t-\n\tLogon ID:\t\t0x0\n\nLogon Information:\n\tLogon Type:\t\t3\n\tRestricted Admin Mode:\t-\n\tVirtual Account:\t\tNo\n\tElevated Token:\t\tYes\n\nImpersonation Level:\t\tImpersonation\n\nNew Logon:\n\tSecurity ID:\t\tS-1-5-18\n\tAccount Name:\t\tDC01-PROD$\n\tAccount Domain:\t\tESTIN.LOCAL\n\tLogon ID:\t\t0x932622\n\tLinked Logon ID:\t\t0x0\n\tNetwork Account Name:\t-\n\tNetwork Account Domain:\t-\n\tLogon GUID:\t\t{94252a5a-7105-efad-ccd8-6a0a1bed77b6}\n\nProcess Information:\n\tProcess ID:\t\t0x0\n\tProcess Name:\t\t-\n\nNetwork Information:\n\tWorkstation Name:\t-\n\tSource Network Address:\tfe80::dc1c:fa22:db7c:e2ad\n\tSource Port:\t\t58132\n\nDetailed Authentication Information:\n\tLogon Process:\t\tKerberos\n\tAuthentication Package:\tKerberos\n\tTransited Services:\t-\n\tPackage Name (NTLM only):\t-\n\tKey Length:\t\t0\n\nThis event is generated when a logon session is created. It is generated on the computer that was accessed.\n\nThe subject fields indicate the account on the local system which requested the logon. This is most commonly a service such as the Server service, or a local process such as Winlogon.exe or Services.exe.\n\nThe logon type field indicates the kind of logon that occurred. The most common types are 2 (interactive) and 3 (network).\n\nThe New Logon fields indicate the account for whom the new logon was created, i.e. the account that was logged on.\n\nThe network fields indicate where a remote logon request originated. Workstation name is not always available and may be left blank in some cases.\n\nThe impersonation level field indicates the extent to which a process in the logon session can impersonate.\n\nThe authentication information fields provide detailed information about this specific logon request.\n\t- Logon GUID is a unique identifier that can be used to correlate this event with a KDC event.\n\t- Transited services indicate which intermediate services have participated in this logon request.\n\t- Package name indicates which sub-protocol was used among the NTLM protocols.\n\t- Key length indicates the length of the generated session key. This will be 0 if no session key was requested.",
                        "created": "2026-05-26T08:54:42.406Z",
                        "outcome": "success",
                        "provider": "Microsoft-Windows-Security-Auditing",
                        "code": "4624",
                        "kind": "event"
                    },
                    "log_source": "windows_security",
                    "@timestamp": "2026-05-26T08:54:41.315Z",
                    "agent": {
                        "type": "winlogbeat",
                        "id": "37dd74ad-6785-4dfe-9cd4-1894265017c6",
                        "ephemeral_id": "6bfc60b6-5446-4b6e-ba6a-7dc7f7b4313d",
                        "version": "8.13.0",
                        "name": "DC01-PROD"
                    },
                    "winlog": {
                        "channel": "Security",
                        "keywords": [
                            "Audit Success"
                        ],
                        "api": "wineventlog",
                        "version": 2,
                        "record_id": 768697,
                        "provider_guid": "{54849625-5478-4994-a5ba-3e3b0328c30d}",
                        "task": "Logon",
                        "computer_name": "DC01-PROD.estin.local",
                        "event_id": "4624",
                        "process": {
                            "thread": {
                                "id": 4020
                            },
                            "pid": 624
                        },
                        "event_data": {
                            "IpPort": "58132",
                            "SubjectUserSid": "S-1-0-0",
                            "VirtualAccount": "%%1843",
                            "SubjectLogonId": "0x0",
                            "TargetUserSid": "S-1-5-18",
                            "SubjectUserName": "-",
                            "IpAddress": "fe80::dc1c:fa22:db7c:e2ad",
                            "TargetDomainName": "ESTIN.LOCAL",
                            "LmPackageName": "-",
                            "KeyLength": "0",
                            "ProcessName": "-",
                            "TargetLogonId": "0x932622",
                            "ImpersonationLevel": "%%1833",
                            "LogonProcessName": "Kerberos",
                            "WorkstationName": "-",
                            "TargetLinkedLogonId": "0x0",
                            "SubjectDomainName": "-",
                            "LogonType": "3",
                            "TargetOutboundDomainName": "-",
                            "LogonGuid": "{94252a5a-7105-efad-ccd8-6a0a1bed77b6}",
                            "TargetUserName": "DC01-PROD$",
                            "AuthenticationPackageName": "Kerberos",
                            "RestrictedAdminMode": "-",
                            "TransmittedServices": "-",
                            "ElevatedToken": "%%1842",
                            "ProcessId": "0x0",
                            "TargetOutboundUserName": "-"
                        },
                        "opcode": "Info",
                        "provider_name": "Microsoft-Windows-Security-Auditing"
                    }
                },
                "sort": [
                    1779785681315
                ]
            },
            {
                "_index": "lab-windows-2026.05.26",
                "_id": "mBJ-Y54BGSbUrs46Prqs",
                "_score": null,
                "_ignored": [
                    "message.keyword",
                    "event.original.keyword"
                ],
                "_source": {
                    "ecs": {
                        "version": "8.0.0"
                    },
                    "message": "An account failed to log on.\n\nSubject:\n\tSecurity ID:\t\tS-1-0-0\n\tAccount Name:\t\t-\n\tAccount Domain:\t\t-\n\tLogon ID:\t\t0x0\n\nLogon Type:\t\t\t3\n\nAccount For Which Logon Failed:\n\tSecurity ID:\t\tS-1-0-0\n\tAccount Name:\t\ttestfail\n\tAccount Domain:\t\t\n\nFailure Information:\n\tFailure Reason:\t\tUnknown user name or bad password.\n\tStatus:\t\t\t0xC000006D\n\tSub Status:\t\t0xC0000064\n\nProcess Information:\n\tCaller Process ID:\t0x0\n\tCaller Process Name:\t-\n\nNetwork Information:\n\tWorkstation Name:\tDC01-PROD\n\tSource Network Address:\t127.0.0.1\n\tSource Port:\t\t58130\n\nDetailed Authentication Information:\n\tLogon Process:\t\tNtLmSsp \n\tAuthentication Package:\tNTLM\n\tTransited Services:\t-\n\tPackage Name (NTLM only):\t-\n\tKey Length:\t\t0\n\nThis event is generated when a logon request fails. It is generated on the computer where access was attempted.\n\nThe Subject fields indicate the account on the local system which requested the logon. This is most commonly a service such as the Server service, or a local process such as Winlogon.exe or Services.exe.\n\nThe Logon Type field indicates the kind of logon that was requested. The most common types are 2 (interactive) and 3 (network).\n\nThe Process Information fields indicate which account and process on the system requested the logon.\n\nThe Network Information fields indicate where a remote logon request originated. Workstation name is not always available and may be left blank in some cases.\n\nThe authentication information fields provide detailed information about this specific logon request.\n\t- Transited services indicate which intermediate services have participated in this logon request.\n\t- Package name indicates which sub-protocol was used among the NTLM protocols.\n\t- Key length indicates the length of the generated session key. This will be 0 if no session key was requested.",
                    "tags": [
                        "beats_input_codec_plain_applied"
                    ],
                    "host": {
                        "name": "DC01-PROD.estin.local"
                    },
                    "log": {
                        "level": "information"
                    },
                    "@version": "1",
                    "event": {
                        "action": "Logon",
                        "original": "An account failed to log on.\n\nSubject:\n\tSecurity ID:\t\tS-1-0-0\n\tAccount Name:\t\t-\n\tAccount Domain:\t\t-\n\tLogon ID:\t\t0x0\n\nLogon Type:\t\t\t3\n\nAccount For Which Logon Failed:\n\tSecurity ID:\t\tS-1-0-0\n\tAccount Name:\t\ttestfail\n\tAccount Domain:\t\t\n\nFailure Information:\n\tFailure Reason:\t\tUnknown user name or bad password.\n\tStatus:\t\t\t0xC000006D\n\tSub Status:\t\t0xC0000064\n\nProcess Information:\n\tCaller Process ID:\t0x0\n\tCaller Process Name:\t-\n\nNetwork Information:\n\tWorkstation Name:\tDC01-PROD\n\tSource Network Address:\t127.0.0.1\n\tSource Port:\t\t58130\n\nDetailed Authentication Information:\n\tLogon Process:\t\tNtLmSsp \n\tAuthentication Package:\tNTLM\n\tTransited Services:\t-\n\tPackage Name (NTLM only):\t-\n\tKey Length:\t\t0\n\nThis event is generated when a logon request fails. It is generated on the computer where access was attempted.\n\nThe Subject fields indicate the account on the local system which requested the logon. This is most commonly a service such as the Server service, or a local process such as Winlogon.exe or Services.exe.\n\nThe Logon Type field indicates the kind of logon that was requested. The most common types are 2 (interactive) and 3 (network).\n\nThe Process Information fields indicate which account and process on the system requested the logon.\n\nThe Network Information fields indicate where a remote logon request originated. Workstation name is not always available and may be left blank in some cases.\n\nThe authentication information fields provide detailed information about this specific logon request.\n\t- Transited services indicate which intermediate services have participated in this logon request.\n\t- Package name indicates which sub-protocol was used among the NTLM protocols.\n\t- Key length indicates the length of the generated session key. This will be 0 if no session key was requested.",
                        "outcome": "failure",
                        "created": "2026-05-26T08:54:37.392Z",
                        "provider": "Microsoft-Windows-Security-Auditing",
                        "code": "4625",
                        "kind": "event"
                    },
                    "log_source": "windows_security",
                    "@timestamp": "2026-05-26T08:54:35.679Z",
                    "agent": {
                        "id": "37dd74ad-6785-4dfe-9cd4-1894265017c6",
                        "type": "winlogbeat",
                        "ephemeral_id": "6bfc60b6-5446-4b6e-ba6a-7dc7f7b4313d",
                        "version": "8.13.0",
                        "name": "DC01-PROD"
                    },
                    "winlog": {
                        "channel": "Security",
                        "api": "wineventlog",
                        "keywords": [
                            "Audit Failure"
                        ],
                        "record_id": 768686,
                        "provider_guid": "{54849625-5478-4994-a5ba-3e3b0328c30d}",
                        "task": "Logon",
                        "computer_name": "DC01-PROD.estin.local",
                        "event_id": "4625",
                        "process": {
                            "pid": 624,
                            "thread": {
                                "id": 1964
                            }
                        },
                        "event_data": {
                            "IpPort": "58130",
                            "LogonProcessName": "NtLmSsp ",
                            "ProcessName": "-",
                            "Status": "0xc000006d",
                            "SubjectUserSid": "S-1-0-0",
                            "WorkstationName": "DC01-PROD",
                            "SubjectDomainName": "-",
                            "LogonType": "3",
                            "FailureReason": "%%2313",
                            "TargetUserName": "testfail",
                            "SubjectLogonId": "0x0",
                            "TargetUserSid": "S-1-0-0",
                            "AuthenticationPackageName": "NTLM",
                            "SubjectUserName": "-",
                            "IpAddress": "127.0.0.1",
                            "LmPackageName": "-",
                            "TransmittedServices": "-",
                            "SubStatus": "0xc0000064",
                            "KeyLength": "0",
                            "ProcessId": "0x0"
                        },
                        "opcode": "Info",
                        "provider_name": "Microsoft-Windows-Security-Auditing"
                    }
                },
                "sort": [
                    1779785675679
                ]
            },
