{
    "took": 1,
    "timed_out": false,
    "_shards": {
        "total": 1,
        "successful": 1,
        "skipped": 0,
        "failed": 0
    },
    "hits": {
        "total": {
            "value": 36,
            "relation": "eq"
        },
        "max_score": null,
        "hits": [
            {
                "_index": "lab-windows-2026.05.26",
                "_id": "pxKBY54BGSbUrs46uLpl",
                "_score": null,
                "_ignored": [
                    "message.keyword",
                    "event.original.keyword"
                ],
                "_source": {
                    "ecs": {
                        "version": "8.0.0"
                    },
                    "message": "An account was successfully logged on.\n\nSubject:\n\tSecurity ID:\t\tS-1-0-0\n\tAccount Name:\t\t-\n\tAccount Domain:\t\t-\n\tLogon ID:\t\t0x0\n\nLogon Information:\n\tLogon Type:\t\t3\n\tRestricted Admin Mode:\t-\n\tVirtual Account:\t\tNo\n\tElevated Token:\t\tYes\n\nImpersonation Level:\t\tImpersonation\n\nNew Logon:\n\tSecurity ID:\t\tS-1-5-18\n\tAccount Name:\t\tDC01-PROD$\n\tAccount Domain:\t\tESTIN.LOCAL\n\tLogon ID:\t\t0x945451\n\tLinked Logon ID:\t\t0x0\n\tNetwork Account Name:\t-\n\tNetwork Account Domain:\t-\n\tLogon GUID:\t\t{5279d6ef-d58b-8f09-996b-791ea7e67c79}\n\nProcess Information:\n\tProcess ID:\t\t0x0\n\tProcess Name:\t\t-\n\nNetwork Information:\n\tWorkstation Name:\t-\n\tSource Network Address:\t::1\n\tSource Port:\t\t58177\n\nDetailed Authentication Information:\n\tLogon Process:\t\tKerberos\n\tAuthentication Package:\tKerberos\n\tTransited Services:\t-\n\tPackage Name (NTLM only):\t-\n\tKey Length:\t\t0\n\nThis event is generated when a logon session is created. It is generated on the computer that was accessed.\n\nThe subject fields indicate the account on the local system which requested the logon. This is most commonly a service such as the Server service, or a local process such as Winlogon.exe or Services.exe.\n\nThe logon type field indicates the kind of logon that occurred. The most common types are 2 (interactive) and 3 (network).\n\nThe New Logon fields indicate the account for whom the new logon was created, i.e. the account that was logged on.\n\nThe network fields indicate where a remote logon request originated. Workstation name is not always available and may be left blank in some cases.\n\nThe impersonation level field indicates the extent to which a process in the logon session can impersonate.\n\nThe authentication information fields provide detailed information about this specific logon request.\n\t- Logon GUID is a unique identifier that can be used to correlate this event with a KDC event.\n\t- Transited services indicate which intermediate services have participated in this logon request.\n\t- Package name indicates which sub-protocol was used among the NTLM protocols.\n\t- Key length indicates the length of the generated session key. This will be 0 if no session key was requested.",
                    "tags": [
                        "beats_input_codec_plain_applied"
                    ],
                    "host": {
                        "name": "DC01-PROD.estin.local"
                    },
                    "log": {
                        "level": "information"
                    },
                    "@version": "1",
                    "event": {
                        "action": "Logon",
                        "original": "An account was successfully logged on.\n\nSubject:\n\tSecurity ID:\t\tS-1-0-0\n\tAccount Name:\t\t-\n\tAccount Domain:\t\t-\n\tLogon ID:\t\t0x0\n\nLogon Information:\n\tLogon Type:\t\t3\n\tRestricted Admin Mode:\t-\n\tVirtual Account:\t\tNo\n\tElevated Token:\t\tYes\n\nImpersonation Level:\t\tImpersonation\n\nNew Logon:\n\tSecurity ID:\t\tS-1-5-18\n\tAccount Name:\t\tDC01-PROD$\n\tAccount Domain:\t\tESTIN.LOCAL\n\tLogon ID:\t\t0x945451\n\tLinked Logon ID:\t\t0x0\n\tNetwork Account Name:\t-\n\tNetwork Account Domain:\t-\n\tLogon GUID:\t\t{5279d6ef-d58b-8f09-996b-791ea7e67c79}\n\nProcess Information:\n\tProcess ID:\t\t0x0\n\tProcess Name:\t\t-\n\nNetwork Information:\n\tWorkstation Name:\t-\n\tSource Network Address:\t::1\n\tSource Port:\t\t58177\n\nDetailed Authentication Information:\n\tLogon Process:\t\tKerberos\n\tAuthentication Package:\tKerberos\n\tTransited Services:\t-\n\tPackage Name (NTLM only):\t-\n\tKey Length:\t\t0\n\nThis event is generated when a logon session is created. It is generated on the computer that was accessed.\n\nThe subject fields indicate the account on the local system which requested the logon. This is most commonly a service such as the Server service, or a local process such as Winlogon.exe or Services.exe.\n\nThe logon type field indicates the kind of logon that occurred. The most common types are 2 (interactive) and 3 (network).\n\nThe New Logon fields indicate the account for whom the new logon was created, i.e. the account that was logged on.\n\nThe network fields indicate where a remote logon request originated. Workstation name is not always available and may be left blank in some cases.\n\nThe impersonation level field indicates the extent to which a process in the logon session can impersonate.\n\nThe authentication information fields provide detailed information about this specific logon request.\n\t- Logon GUID is a unique identifier that can be used to correlate this event with a KDC event.\n\t- Transited services indicate which intermediate services have participated in this logon request.\n\t- Package name indicates which sub-protocol was used among the NTLM protocols.\n\t- Key length indicates the length of the generated session key. This will be 0 if no session key was requested.",
                        "created": "2026-05-26T08:58:14.559Z",
                        "outcome": "success",
                        "provider": "Microsoft-Windows-Security-Auditing",
                        "code": "4624",
                        "kind": "event"
                    },
                    "log_source": "windows_security",
                    "@timestamp": "2026-05-26T08:58:13.413Z",
                    "agent": {
                        "type": "winlogbeat",
                        "id": "37dd74ad-6785-4dfe-9cd4-1894265017c6",
                        "ephemeral_id": "6bfc60b6-5446-4b6e-ba6a-7dc7f7b4313d",
                        "version": "8.13.0",
                        "name": "DC01-PROD"
                    },
                    "winlog": {
                        "channel": "Security",
                        "keywords": [
                            "Audit Success"
                        ],
                        "api": "wineventlog",
                        "version": 2,
                        "record_id": 769079,
                        "task": "Logon",
                        "provider_guid": "{54849625-5478-4994-a5ba-3e3b0328c30d}",
                        "computer_name": "DC01-PROD.estin.local",
                        "event_id": "4624",
                        "process": {
                            "pid": 624,
                            "thread": {
                                "id": 2064
                            }
                        },
                        "event_data": {
                            "IpPort": "58177",
                            "SubjectUserSid": "S-1-0-0",
                            "VirtualAccount": "%%1843",
                            "SubjectLogonId": "0x0",
                            "TargetUserSid": "S-1-5-18",
                            "SubjectUserName": "-",
                            "IpAddress": "::1",
                            "TargetDomainName": "ESTIN.LOCAL",
                            "LmPackageName": "-",
                            "KeyLength": "0",
                            "ImpersonationLevel": "%%1833",
                            "ProcessName": "-",
                            "LogonProcessName": "Kerberos",
                            "TargetLogonId": "0x945451",
                            "WorkstationName": "-",
                            "TargetLinkedLogonId": "0x0",
                            "SubjectDomainName": "-",
                            "LogonType": "3",
                            "TargetOutboundDomainName": "-",
                            "TargetUserName": "DC01-PROD$",
                            "LogonGuid": "{5279d6ef-d58b-8f09-996b-791ea7e67c79}",
                            "AuthenticationPackageName": "Kerberos",
                            "RestrictedAdminMode": "-",
                            "TransmittedServices": "-",
                            "ElevatedToken": "%%1842",
                            "ProcessId": "0x0",
                            "TargetOutboundUserName": "-"
                        },
                        "opcode": "Info",
                        "provider_name": "Microsoft-Windows-Security-Auditing"
                    }
                },
                "sort": [
                    1779785893413
                ]
            },
            {
                "_index": "lab-windows-2026.05.26",
                "_id": "phKAY54BGSbUrs46qLps",
                "_score": null,
                "_ignored": [
                    "message.keyword",
                    "event.original.keyword"
                ],
                "_source": {
                    "ecs": {
                        "version": "8.0.0"
                    },
                    "message": "An account was successfully logged on.\n\nSubject:\n\tSecurity ID:\t\tS-1-0-0\n\tAccount Name:\t\t-\n\tAccount Domain:\t\t-\n\tLogon ID:\t\t0x0\n\nLogon Information:\n\tLogon Type:\t\t3\n\tRestricted Admin Mode:\t-\n\tVirtual Account:\t\tNo\n\tElevated Token:\t\tYes\n\nImpersonation Level:\t\tImpersonation\n\nNew Logon:\n\tSecurity ID:\t\tS-1-5-18\n\tAccount Name:\t\tDC01-PROD$\n\tAccount Domain:\t\tESTIN.LOCAL\n\tLogon ID:\t\t0x93C4AA\n\tLinked Logon ID:\t\t0x0\n\tNetwork Account Name:\t-\n\tNetwork Account Domain:\t-\n\tLogon GUID:\t\t{5279d6ef-d58b-8f09-996b-791ea7e67c79}\n\nProcess Information:\n\tProcess ID:\t\t0x0\n\tProcess Name:\t\t-\n\nNetwork Information:\n\tWorkstation Name:\t-\n\tSource Network Address:\t::1\n\tSource Port:\t\t58152\n\nDetailed Authentication Information:\n\tLogon Process:\t\tKerberos\n\tAuthentication Package:\tKerberos\n\tTransited Services:\t-\n\tPackage Name (NTLM only):\t-\n\tKey Length:\t\t0\n\nThis event is generated when a logon session is created. It is generated on the computer that was accessed.\n\nThe subject fields indicate the account on the local system which requested the logon. This is most commonly a service such as the Server service, or a local process such as Winlogon.exe or Services.exe.\n\nThe logon type field indicates the kind of logon that occurred. The most common types are 2 (interactive) and 3 (network).\n\nThe New Logon fields indicate the account for whom the new logon was created, i.e. the account that was logged on.\n\nThe network fields indicate where a remote logon request originated. Workstation name is not always available and may be left blank in some cases.\n\nThe impersonation level field indicates the extent to which a process in the logon session can impersonate.\n\nThe authentication information fields provide detailed information about this specific logon request.\n\t- Logon GUID is a unique identifier that can be used to correlate this event with a KDC event.\n\t- Transited services indicate which intermediate services have participated in this logon request.\n\t- Package name indicates which sub-protocol was used among the NTLM protocols.\n\t- Key length indicates the length of the generated session key. This will be 0 if no session key was requested.",
                    "tags": [
                        "beats_input_codec_plain_applied"
                    ],
                    "host": {
                        "name": "DC01-PROD.estin.local"
                    },
                    "log": {
                        "level": "information"
                    },
                    "@version": "1",
                    "event": {
                        "action": "Logon",
                        "original": "An account was successfully logged on.\n\nSubject:\n\tSecurity ID:\t\tS-1-0-0\n\tAccount Name:\t\t-\n\tAccount Domain:\t\t-\n\tLogon ID:\t\t0x0\n\nLogon Information:\n\tLogon Type:\t\t3\n\tRestricted Admin Mode:\t-\n\tVirtual Account:\t\tNo\n\tElevated Token:\t\tYes\n\nImpersonation Level:\t\tImpersonation\n\nNew Logon:\n\tSecurity ID:\t\tS-1-5-18\n\tAccount Name:\t\tDC01-PROD$\n\tAccount Domain:\t\tESTIN.LOCAL\n\tLogon ID:\t\t0x93C4AA\n\tLinked Logon ID:\t\t0x0\n\tNetwork Account Name:\t-\n\tNetwork Account Domain:\t-\n\tLogon GUID:\t\t{5279d6ef-d58b-8f09-996b-791ea7e67c79}\n\nProcess Information:\n\tProcess ID:\t\t0x0\n\tProcess Name:\t\t-\n\nNetwork Information:\n\tWorkstation Name:\t-\n\tSource Network Address:\t::1\n\tSource Port:\t\t58152\n\nDetailed Authentication Information:\n\tLogon Process:\t\tKerberos\n\tAuthentication Package:\tKerberos\n\tTransited Services:\t-\n\tPackage Name (NTLM only):\t-\n\tKey Length:\t\t0\n\nThis event is generated when a logon session is created. It is generated on the computer that was accessed.\n\nThe subject fields indicate the account on the local system which requested the logon. This is most commonly a service such as the Server service, or a local process such as Winlogon.exe or Services.exe.\n\nThe logon type field indicates the kind of logon that occurred. The most common types are 2 (interactive) and 3 (network).\n\nThe New Logon fields indicate the account for whom the new logon was created, i.e. the account that was logged on.\n\nThe network fields indicate where a remote logon request originated. Workstation name is not always available and may be left blank in some cases.\n\nThe impersonation level field indicates the extent to which a process in the logon session can impersonate.\n\nThe authentication information fields provide detailed information about this specific logon request.\n\t- Logon GUID is a unique identifier that can be used to correlate this event with a KDC event.\n\t- Transited services indicate which intermediate services have participated in this logon request.\n\t- Package name indicates which sub-protocol was used among the NTLM protocols.\n\t- Key length indicates the length of the generated session key. This will be 0 if no session key was requested.",
                        "outcome": "success",
                        "created": "2026-05-26T08:57:13.515Z",
                        "provider": "Microsoft-Windows-Security-Auditing",
                        "code": "4624",
                        "kind": "event"
                    },
                    "log_source": "windows_security",
                    "@timestamp": "2026-05-26T08:57:13.413Z",
                    "agent": {
                        "type": "winlogbeat",
                        "id": "37dd74ad-6785-4dfe-9cd4-1894265017c6",
                        "ephemeral_id": "6bfc60b6-5446-4b6e-ba6a-7dc7f7b4313d",
                        "version": "8.13.0",
                        "name": "DC01-PROD"
                    },
                    "winlog": {
                        "provider_name": "Microsoft-Windows-Security-Auditing",
                        "channel": "Security",
                        "keywords": [
                            "Audit Success"
                        ],
                        "version": 2,
                        "record_id": 768924,
                        "task": "Logon",
                        "provider_guid": "{54849625-5478-4994-a5ba-3e3b0328c30d}",
                        "event_id": "4624",
                        "computer_name": "DC01-PROD.estin.local",
                        "event_data": {
                            "IpPort": "58152",
                            "SubjectUserSid": "S-1-0-0",
                            "VirtualAccount": "%%1843",
                            "SubjectLogonId": "0x0",
                            "TargetUserSid": "S-1-5-18",
                            "SubjectUserName": "-",
                            "TargetDomainName": "ESTIN.LOCAL",
                            "IpAddress": "::1",
                            "LmPackageName": "-",
                            "KeyLength": "0",
                            "LogonProcessName": "Kerberos",
                            "ProcessName": "-",
                            "ImpersonationLevel": "%%1833",
                            "TargetLogonId": "0x93c4aa",
                            "WorkstationName": "-",
                            "TargetLinkedLogonId": "0x0",
                            "SubjectDomainName": "-",
                            "LogonType": "3",
                            "TargetOutboundDomainName": "-",
                            "TargetUserName": "DC01-PROD$",
                            "LogonGuid": "{5279d6ef-d58b-8f09-996b-791ea7e67c79}",
                            "AuthenticationPackageName": "Kerberos",
                            "RestrictedAdminMode": "-",
                            "TransmittedServices": "-",
                            "ElevatedToken": "%%1842",
                            "ProcessId": "0x0",
                            "TargetOutboundUserName": "-"
                        },
                        "process": {
                            "pid": 624,
                            "thread": {
                                "id": 3020
                            }
                        },
                        "opcode": "Info",
                        "api": "wineventlog"
                    }
                },
                "sort": [
                    1779785833413
                ]
            },
            {
                "_index": "lab-windows-2026.05.26",
                "_id": "pRKAY54BGSbUrs46qLps",
                "_score": null,
                "_ignored": [
                    "message.keyword",
                    "event.original.keyword"
                ],
                "_source": {
                    "ecs": {
                        "version": "8.0.0"
                    },
                    "message": "An account was successfully logged on.\n\nSubject:\n\tSecurity ID:\t\tS-1-5-18\n\tAccount Name:\t\tDC01-PROD$\n\tAccount Domain:\t\tESTIN\n\tLogon ID:\t\t0x3E7\n\nLogon Information:\n\tLogon Type:\t\t5\n\tRestricted Admin Mode:\t-\n\tVirtual Account:\t\tNo\n\tElevated Token:\t\tYes\n\nImpersonation Level:\t\tImpersonation\n\nNew Logon:\n\tSecurity ID:\t\tS-1-5-18\n\tAccount Name:\t\tSYSTEM\n\tAccount Domain:\t\tNT AUTHORITY\n\tLogon ID:\t\t0x3E7\n\tLinked Logon ID:\t\t0x0\n\tNetwork Account Name:\t-\n\tNetwork Account Domain:\t-\n\tLogon GUID:\t\t{00000000-0000-0000-0000-000000000000}\n\nProcess Information:\n\tProcess ID:\t\t0x268\n\tProcess Name:\t\tC:\\Windows\\System32\\services.exe\n\nNetwork Information:\n\tWorkstation Name:\t-\n\tSource Network Address:\t-\n\tSource Port:\t\t-\n\nDetailed Authentication Information:\n\tLogon Process:\t\tAdvapi  \n\tAuthentication Package:\tNegotiate\n\tTransited Services:\t-\n\tPackage Name (NTLM only):\t-\n\tKey Length:\t\t0\n\nThis event is generated when a logon session is created. It is generated on the computer that was accessed.\n\nThe subject fields indicate the account on the local system which requested the logon. This is most commonly a service such as the Server service, or a local process such as Winlogon.exe or Services.exe.\n\nThe logon type field indicates the kind of logon that occurred. The most common types are 2 (interactive) and 3 (network).\n\nThe New Logon fields indicate the account for whom the new logon was created, i.e. the account that was logged on.\n\nThe network fields indicate where a remote logon request originated. Workstation name is not always available and may be left blank in some cases.\n\nThe impersonation level field indicates the extent to which a process in the logon session can impersonate.\n\nThe authentication information fields provide detailed information about this specific logon request.\n\t- Logon GUID is a unique identifier that can be used to correlate this event with a KDC event.\n\t- Transited services indicate which intermediate services have participated in this logon request.\n\t- Package name indicates which sub-protocol was used among the NTLM protocols.\n\t- Key length indicates the length of the generated session key. This will be 0 if no session key was requested.",
                    "tags": [
                        "beats_input_codec_plain_applied"
                    ],
                    "host": {
                        "name": "DC01-PROD.estin.local"
                    },
                    "log": {
                        "level": "information"
                    },
                    "@version": "1",
                    "event": {
                        "action": "Logon",
                        "original": "An account was successfully logged on.\n\nSubject:\n\tSecurity ID:\t\tS-1-5-18\n\tAccount Name:\t\tDC01-PROD$\n\tAccount Domain:\t\tESTIN\n\tLogon ID:\t\t0x3E7\n\nLogon Information:\n\tLogon Type:\t\t5\n\tRestricted Admin Mode:\t-\n\tVirtual Account:\t\tNo\n\tElevated Token:\t\tYes\n\nImpersonation Level:\t\tImpersonation\n\nNew Logon:\n\tSecurity ID:\t\tS-1-5-18\n\tAccount Name:\t\tSYSTEM\n\tAccount Domain:\t\tNT AUTHORITY\n\tLogon ID:\t\t0x3E7\n\tLinked Logon ID:\t\t0x0\n\tNetwork Account Name:\t-\n\tNetwork Account Domain:\t-\n\tLogon GUID:\t\t{00000000-0000-0000-0000-000000000000}\n\nProcess Information:\n\tProcess ID:\t\t0x268\n\tProcess Name:\t\tC:\\Windows\\System32\\services.exe\n\nNetwork Information:\n\tWorkstation Name:\t-\n\tSource Network Address:\t-\n\tSource Port:\t\t-\n\nDetailed Authentication Information:\n\tLogon Process:\t\tAdvapi  \n\tAuthentication Package:\tNegotiate\n\tTransited Services:\t-\n\tPackage Name (NTLM only):\t-\n\tKey Length:\t\t0\n\nThis event is generated when a logon session is created. It is generated on the computer that was accessed.\n\nThe subject fields indicate the account on the local system which requested the logon. This is most commonly a service such as the Server service, or a local process such as Winlogon.exe or Services.exe.\n\nThe logon type field indicates the kind of logon that occurred. The most common types are 2 (interactive) and 3 (network).\n\nThe New Logon fields indicate the account for whom the new logon was created, i.e. the account that was logged on.\n\nThe network fields indicate where a remote logon request originated. Workstation name is not always available and may be left blank in some cases.\n\nThe impersonation level field indicates the extent to which a process in the logon session can impersonate.\n\nThe authentication information fields provide detailed information about this specific logon request.\n\t- Logon GUID is a unique identifier that can be used to correlate this event with a KDC event.\n\t- Transited services indicate which intermediate services have participated in this logon request.\n\t- Package name indicates which sub-protocol was used among the NTLM protocols.\n\t- Key length indicates the length of the generated session key. This will be 0 if no session key was requested.",
                        "outcome": "success",
                        "created": "2026-05-26T08:57:06.505Z",
                        "provider": "Microsoft-Windows-Security-Auditing",
                        "code": "4624",
                        "kind": "event"
                    },
                    "log_source": "windows_security",
                    "@timestamp": "2026-05-26T08:57:04.787Z",
                    "agent": {
                        "type": "winlogbeat",
                        "id": "37dd74ad-6785-4dfe-9cd4-1894265017c6",
                        "ephemeral_id": "6bfc60b6-5446-4b6e-ba6a-7dc7f7b4313d",
                        "version": "8.13.0",
                        "name": "DC01-PROD"
                    },
                    "winlog": {
                        "channel": "Security",
                        "provider_name": "Microsoft-Windows-Security-Auditing",
                        "keywords": [
                            "Audit Success"
                        ],
                        "version": 2,
                        "activity_id": "{3aab1cb8-c7aa-0001-171d-ab3aaac7dc01}",
                        "record_id": 768864,
                        "task": "Logon",
                        "provider_guid": "{54849625-5478-4994-a5ba-3e3b0328c30d}",
                        "computer_name": "DC01-PROD.estin.local",
                        "event_id": "4624",
                        "process": {
                            "pid": 624,
                            "thread": {
                                "id": 880
                            }
                        },
                        "event_data": {
                            "IpPort": "-",
                            "SubjectUserSid": "S-1-5-18",
                            "VirtualAccount": "%%1843",
                            "SubjectLogonId": "0x3e7",
                            "TargetUserSid": "S-1-5-18",
                            "SubjectUserName": "DC01-PROD$",
                            "IpAddress": "-",
                            "TargetDomainName": "NT AUTHORITY",
                            "LmPackageName": "-",
                            "KeyLength": "0",
                            "ImpersonationLevel": "%%1833",
                            "LogonProcessName": "Advapi  ",
                            "TargetLogonId": "0x3e7",
                            "ProcessName": "C:\\Windows\\System32\\services.exe",
                            "WorkstationName": "-",
                            "TargetLinkedLogonId": "0x0",
                            "SubjectDomainName": "ESTIN",
                            "LogonType": "5",
                            "TargetOutboundDomainName": "-",
                            "TargetUserName": "SYSTEM",
                            "LogonGuid": "{00000000-0000-0000-0000-000000000000}",
                            "AuthenticationPackageName": "Negotiate",
                            "RestrictedAdminMode": "-",
                            "TransmittedServices": "-",
                            "ElevatedToken": "%%1842",
                            "ProcessId": "0x268",
                            "TargetOutboundUserName": "-"
                        },
                        "opcode": "Info",
                        "api": "wineventlog"
                    }
                },
                "sort": [
                    1779785824787
                ]
            },
            {
                "_index": "lab-windows-2026.05.26",
                "_id": "pBKAY54BGSbUrs46WrpT",
                "_score": null,
                "_ignored": [
                    "message.keyword",
                    "event.original.keyword"
                ],
                "_source": {
                    "ecs": {
                        "version": "8.0.0"
                    },
                    "message": "An account was successfully logged on.\n\nSubject:\n\tSecurity ID:\t\tS-1-5-18\n\tAccount Name:\t\tDC01-PROD$\n\tAccount Domain:\t\tESTIN\n\tLogon ID:\t\t0x3E7\n\nLogon Information:\n\tLogon Type:\t\t5\n\tRestricted Admin Mode:\t-\n\tVirtual Account:\t\tNo\n\tElevated Token:\t\tYes\n\nImpersonation Level:\t\tImpersonation\n\nNew Logon:\n\tSecurity ID:\t\tS-1-5-18\n\tAccount Name:\t\tSYSTEM\n\tAccount Domain:\t\tNT AUTHORITY\n\tLogon ID:\t\t0x3E7\n\tLinked Logon ID:\t\t0x0\n\tNetwork Account Name:\t-\n\tNetwork Account Domain:\t-\n\tLogon GUID:\t\t{00000000-0000-0000-0000-000000000000}\n\nProcess Information:\n\tProcess ID:\t\t0x268\n\tProcess Name:\t\tC:\\Windows\\System32\\services.exe\n\nNetwork Information:\n\tWorkstation Name:\t-\n\tSource Network Address:\t-\n\tSource Port:\t\t-\n\nDetailed Authentication Information:\n\tLogon Process:\t\tAdvapi  \n\tAuthentication Package:\tNegotiate\n\tTransited Services:\t-\n\tPackage Name (NTLM only):\t-\n\tKey Length:\t\t0\n\nThis event is generated when a logon session is created. It is generated on the computer that was accessed.\n\nThe subject fields indicate the account on the local system which requested the logon. This is most commonly a service such as the Server service, or a local process such as Winlogon.exe or Services.exe.\n\nThe logon type field indicates the kind of logon that occurred. The most common types are 2 (interactive) and 3 (network).\n\nThe New Logon fields indicate the account for whom the new logon was created, i.e. the account that was logged on.\n\nThe network fields indicate where a remote logon request originated. Workstation name is not always available and may be left blank in some cases.\n\nThe impersonation level field indicates the extent to which a process in the logon session can impersonate.\n\nThe authentication information fields provide detailed information about this specific logon request.\n\t- Logon GUID is a unique identifier that can be used to correlate this event with a KDC event.\n\t- Transited services indicate which intermediate services have participated in this logon request.\n\t- Package name indicates which sub-protocol was used among the NTLM protocols.\n\t- Key length indicates the length of the generated session key. This will be 0 if no session key was requested.",
                    "tags": [
                        "beats_input_codec_plain_applied"
                    ],
                    "host": {
                        "name": "DC01-PROD.estin.local"
                    },
                    "log": {
                        "level": "information"
                    },
                    "@version": "1",
                    "event": {
                        "action": "Logon",
                        "original": "An account was successfully logged on.\n\nSubject:\n\tSecurity ID:\t\tS-1-5-18\n\tAccount Name:\t\tDC01-PROD$\n\tAccount Domain:\t\tESTIN\n\tLogon ID:\t\t0x3E7\n\nLogon Information:\n\tLogon Type:\t\t5\n\tRestricted Admin Mode:\t-\n\tVirtual Account:\t\tNo\n\tElevated Token:\t\tYes\n\nImpersonation Level:\t\tImpersonation\n\nNew Logon:\n\tSecurity ID:\t\tS-1-5-18\n\tAccount Name:\t\tSYSTEM\n\tAccount Domain:\t\tNT AUTHORITY\n\tLogon ID:\t\t0x3E7\n\tLinked Logon ID:\t\t0x0\n\tNetwork Account Name:\t-\n\tNetwork Account Domain:\t-\n\tLogon GUID:\t\t{00000000-0000-0000-0000-000000000000}\n\nProcess Information:\n\tProcess ID:\t\t0x268\n\tProcess Name:\t\tC:\\Windows\\System32\\services.exe\n\nNetwork Information:\n\tWorkstation Name:\t-\n\tSource Network Address:\t-\n\tSource Port:\t\t-\n\nDetailed Authentication Information:\n\tLogon Process:\t\tAdvapi  \n\tAuthentication Package:\tNegotiate\n\tTransited Services:\t-\n\tPackage Name (NTLM only):\t-\n\tKey Length:\t\t0\n\nThis event is generated when a logon session is created. It is generated on the computer that was accessed.\n\nThe subject fields indicate the account on the local system which requested the logon. This is most commonly a service such as the Server service, or a local process such as Winlogon.exe or Services.exe.\n\nThe logon type field indicates the kind of logon that occurred. The most common types are 2 (interactive) and 3 (network).\n\nThe New Logon fields indicate the account for whom the new logon was created, i.e. the account that was logged on.\n\nThe network fields indicate where a remote logon request originated. Workstation name is not always available and may be left blank in some cases.\n\nThe impersonation level field indicates the extent to which a process in the logon session can impersonate.\n\nThe authentication information fields provide detailed information about this specific logon request.\n\t- Logon GUID is a unique identifier that can be used to correlate this event with a KDC event.\n\t- Transited services indicate which intermediate services have participated in this logon request.\n\t- Package name indicates which sub-protocol was used among the NTLM protocols.\n\t- Key length indicates the length of the generated session key. This will be 0 if no session key was requested.",
                        "outcome": "success",
                        "created": "2026-05-26T08:56:46.490Z",
                        "provider": "Microsoft-Windows-Security-Auditing",
                        "kind": "event",
                        "code": "4624"
                    },
                    "log_source": "windows_security",
                    "@timestamp": "2026-05-26T08:56:45.271Z",
                    "agent": {
                        "id": "37dd74ad-6785-4dfe-9cd4-1894265017c6",
                        "type": "winlogbeat",
                        "ephemeral_id": "6bfc60b6-5446-4b6e-ba6a-7dc7f7b4313d",
                        "version": "8.13.0",
                        "name": "DC01-PROD"
                    },
                    "winlog": {
                        "provider_name": "Microsoft-Windows-Security-Auditing",
                        "keywords": [
                            "Audit Success"
                        ],
                        "channel": "Security",
                        "version": 2,
                        "activity_id": "{3aab1cb8-c7aa-0001-171d-ab3aaac7dc01}",
                        "record_id": 768852,
                        "provider_guid": "{54849625-5478-4994-a5ba-3e3b0328c30d}",
                        "task": "Logon",
                        "event_id": "4624",
                        "computer_name": "DC01-PROD.estin.local",
                        "process": {
                            "thread": {
                                "id": 880
                            },
                            "pid": 624
                        },
                        "event_data": {
                            "IpPort": "-",
                            "SubjectUserSid": "S-1-5-18",
                            "VirtualAccount": "%%1843",
                            "SubjectLogonId": "0x3e7",
                            "TargetUserSid": "S-1-5-18",
                            "SubjectUserName": "DC01-PROD$",
                            "IpAddress": "-",
                            "TargetDomainName": "NT AUTHORITY",
                            "LmPackageName": "-",
                            "KeyLength": "0",
                            "LogonProcessName": "Advapi  ",
                            "ImpersonationLevel": "%%1833",
                            "TargetLogonId": "0x3e7",
                            "ProcessName": "C:\\Windows\\System32\\services.exe",
                            "WorkstationName": "-",
                            "TargetLinkedLogonId": "0x0",
                            "SubjectDomainName": "ESTIN",
                            "LogonType": "5",
                            "TargetOutboundDomainName": "-",
                            "LogonGuid": "{00000000-0000-0000-0000-000000000000}",
                            "TargetUserName": "SYSTEM",
                            "AuthenticationPackageName": "Negotiate",
                            "RestrictedAdminMode": "-",
                            "TransmittedServices": "-",
                            "ElevatedToken": "%%1842",
                            "ProcessId": "0x268",
                            "TargetOutboundUserName": "-"
                        },
                        "opcode": "Info",
                        "api": "wineventlog"
                    }
                },
                "sort": [
                    1779785805271
                ]
            },
            {
                "_index": "lab-windows-2026.05.26",
                "_id": "oxJ_Y54BGSbUrs464boc",
                "_score": null,
                "_ignored": [
                    "message.keyword",
                    "event.original.keyword"
                ],
                "_source": {
                    "ecs": {
                        "version": "8.0.0"
                    },
                    "message": "An account was successfully logged on.\n\nSubject:\n\tSecurity ID:\t\tS-1-0-0\n\tAccount Name:\t\t-\n\tAccount Domain:\t\t-\n\tLogon ID:\t\t0x0\n\nLogon Information:\n\tLogon Type:\t\t3\n\tRestricted Admin Mode:\t-\n\tVirtual Account:\t\tNo\n\tElevated Token:\t\tYes\n\nImpersonation Level:\t\tImpersonation\n\nNew Logon:\n\tSecurity ID:\t\tS-1-5-18\n\tAccount Name:\t\tDC01-PROD$\n\tAccount Domain:\t\tESTIN.LOCAL\n\tLogon ID:\t\t0x938724\n\tLinked Logon ID:\t\t0x0\n\tNetwork Account Name:\t-\n\tNetwork Account Domain:\t-\n\tLogon GUID:\t\t{5279d6ef-d58b-8f09-996b-791ea7e67c79}\n\nProcess Information:\n\tProcess ID:\t\t0x0\n\tProcess Name:\t\t-\n\nNetwork Information:\n\tWorkstation Name:\t-\n\tSource Network Address:\t::1\n\tSource Port:\t\t58142\n\nDetailed Authentication Information:\n\tLogon Process:\t\tKerberos\n\tAuthentication Package:\tKerberos\n\tTransited Services:\t-\n\tPackage Name (NTLM only):\t-\n\tKey Length:\t\t0\n\nThis event is generated when a logon session is created. It is generated on the computer that was accessed.\n\nThe subject fields indicate the account on the local system which requested the logon. This is most commonly a service such as the Server service, or a local process such as Winlogon.exe or Services.exe.\n\nThe logon type field indicates the kind of logon that occurred. The most common types are 2 (interactive) and 3 (network).\n\nThe New Logon fields indicate the account for whom the new logon was created, i.e. the account that was logged on.\n\nThe network fields indicate where a remote logon request originated. Workstation name is not always available and may be left blank in some cases.\n\nThe impersonation level field indicates the extent to which a process in the logon session can impersonate.\n\nThe authentication information fields provide detailed information about this specific logon request.\n\t- Logon GUID is a unique identifier that can be used to correlate this event with a KDC event.\n\t- Transited services indicate which intermediate services have participated in this logon request.\n\t- Package name indicates which sub-protocol was used among the NTLM protocols.\n\t- Key length indicates the length of the generated session key. This will be 0 if no session key was requested.",
                    "tags": [
                        "beats_input_codec_plain_applied"
                    ],
                    "host": {
                        "name": "DC01-PROD.estin.local"
                    },
                    "log": {
                        "level": "information"
                    },
                    "@version": "1",
                    "event": {
                        "action": "Logon",
                        "original": "An account was successfully logged on.\n\nSubject:\n\tSecurity ID:\t\tS-1-0-0\n\tAccount Name:\t\t-\n\tAccount Domain:\t\t-\n\tLogon ID:\t\t0x0\n\nLogon Information:\n\tLogon Type:\t\t3\n\tRestricted Admin Mode:\t-\n\tVirtual Account:\t\tNo\n\tElevated Token:\t\tYes\n\nImpersonation Level:\t\tImpersonation\n\nNew Logon:\n\tSecurity ID:\t\tS-1-5-18\n\tAccount Name:\t\tDC01-PROD$\n\tAccount Domain:\t\tESTIN.LOCAL\n\tLogon ID:\t\t0x938724\n\tLinked Logon ID:\t\t0x0\n\tNetwork Account Name:\t-\n\tNetwork Account Domain:\t-\n\tLogon GUID:\t\t{5279d6ef-d58b-8f09-996b-791ea7e67c79}\n\nProcess Information:\n\tProcess ID:\t\t0x0\n\tProcess Name:\t\t-\n\nNetwork Information:\n\tWorkstation Name:\t-\n\tSource Network Address:\t::1\n\tSource Port:\t\t58142\n\nDetailed Authentication Information:\n\tLogon Process:\t\tKerberos\n\tAuthentication Package:\tKerberos\n\tTransited Services:\t-\n\tPackage Name (NTLM only):\t-\n\tKey Length:\t\t0\n\nThis event is generated when a logon session is created. It is generated on the computer that was accessed.\n\nThe subject fields indicate the account on the local system which requested the logon. This is most commonly a service such as the Server service, or a local process such as Winlogon.exe or Services.exe.\n\nThe logon type field indicates the kind of logon that occurred. The most common types are 2 (interactive) and 3 (network).\n\nThe New Logon fields indicate the account for whom the new logon was created, i.e. the account that was logged on.\n\nThe network fields indicate where a remote logon request originated. Workstation name is not always available and may be left blank in some cases.\n\nThe impersonation level field indicates the extent to which a process in the logon session can impersonate.\n\nThe authentication information fields provide detailed information about this specific logon request.\n\t- Logon GUID is a unique identifier that can be used to correlate this event with a KDC event.\n\t- Transited services indicate which intermediate services have participated in this logon request.\n\t- Package name indicates which sub-protocol was used among the NTLM protocols.\n\t- Key length indicates the length of the generated session key. This will be 0 if no session key was requested.",
                        "outcome": "success",
                        "created": "2026-05-26T08:56:14.466Z",
                        "provider": "Microsoft-Windows-Security-Auditing",
                        "kind": "event",
                        "code": "4624"
                    },
                    "log_source": "windows_security",
                    "@timestamp": "2026-05-26T08:56:13.412Z",
                    "agent": {
                        "type": "winlogbeat",
                        "id": "37dd74ad-6785-4dfe-9cd4-1894265017c6",
                        "ephemeral_id": "6bfc60b6-5446-4b6e-ba6a-7dc7f7b4313d",
                        "version": "8.13.0",
                        "name": "DC01-PROD"
                    },
                    "winlog": {
                        "channel": "Security",
                        "provider_name": "Microsoft-Windows-Security-Auditing",
                        "keywords": [
                            "Audit Success"
                        ],
                        "version": 2,
                        "record_id": 768847,
                        "task": "Logon",
                        "provider_guid": "{54849625-5478-4994-a5ba-3e3b0328c30d}",
                        "computer_name": "DC01-PROD.estin.local",
                        "event_id": "4624",
                        "event_data": {
                            "IpPort": "58142",
                            "SubjectUserSid": "S-1-0-0",
                            "VirtualAccount": "%%1843",
                            "SubjectLogonId": "0x0",
                            "TargetUserSid": "S-1-5-18",
                            "SubjectUserName": "-",
                            "TargetDomainName": "ESTIN.LOCAL",
                            "IpAddress": "::1",
                            "LmPackageName": "-",
                            "KeyLength": "0",
                            "ProcessName": "-",
                            "LogonProcessName": "Kerberos",
                            "ImpersonationLevel": "%%1833",
                            "TargetLogonId": "0x938724",
                            "WorkstationName": "-",
                            "TargetLinkedLogonId": "0x0",
                            "SubjectDomainName": "-",
                            "LogonType": "3",
                            "TargetOutboundDomainName": "-",
                            "LogonGuid": "{5279d6ef-d58b-8f09-996b-791ea7e67c79}",
                            "TargetUserName": "DC01-PROD$",
                            "AuthenticationPackageName": "Kerberos",
                            "RestrictedAdminMode": "-",
                            "TransmittedServices": "-",
                            "ElevatedToken": "%%1842",
                            "ProcessId": "0x0",
                            "TargetOutboundUserName": "-"
                        },
                        "process": {
                            "pid": 624,
                            "thread": {
                                "id": 2064
                            }
                        },
                        "opcode": "Info",
                        "api": "wineventlog"
                    }
                },
                "sort": [
                    1779785773412
                ]
            },
