            {
                "_index": "lab-windows-2026.05.26",
                "_id": "ohJ-Y54BGSbUrs468rqi",
                "_score": null,
                "_ignored": [
                    "message.keyword",
                    "event.original.keyword"
                ],
                "_source": {
                    "ecs": {
                        "version": "8.0.0"
                    },
                    "message": "An account was successfully logged on.\n\nSubject:\n\tSecurity ID:\t\tS-1-0-0\n\tAccount Name:\t\t-\n\tAccount Domain:\t\t-\n\tLogon ID:\t\t0x0\n\nLogon Information:\n\tLogon Type:\t\t3\n\tRestricted Admin Mode:\t-\n\tVirtual Account:\t\tNo\n\tElevated Token:\t\tYes\n\nImpersonation Level:\t\tImpersonation\n\nNew Logon:\n\tSecurity ID:\t\tS-1-5-18\n\tAccount Name:\t\tDC01-PROD$\n\tAccount Domain:\t\tESTIN.LOCAL\n\tLogon ID:\t\t0x935889\n\tLinked Logon ID:\t\t0x0\n\tNetwork Account Name:\t-\n\tNetwork Account Domain:\t-\n\tLogon GUID:\t\t{5279d6ef-d58b-8f09-996b-791ea7e67c79}\n\nProcess Information:\n\tProcess ID:\t\t0x0\n\tProcess Name:\t\t-\n\nNetwork Information:\n\tWorkstation Name:\t-\n\tSource Network Address:\tfe80::dc1c:fa22:db7c:e2ad\n\tSource Port:\t\t58141\n\nDetailed Authentication Information:\n\tLogon Process:\t\tKerberos\n\tAuthentication Package:\tKerberos\n\tTransited Services:\t-\n\tPackage Name (NTLM only):\t-\n\tKey Length:\t\t0\n\nThis event is generated when a logon session is created. It is generated on the computer that was accessed.\n\nThe subject fields indicate the account on the local system which requested the logon. This is most commonly a service such as the Server service, or a local process such as Winlogon.exe or Services.exe.\n\nThe logon type field indicates the kind of logon that occurred. The most common types are 2 (interactive) and 3 (network).\n\nThe New Logon fields indicate the account for whom the new logon was created, i.e. the account that was logged on.\n\nThe network fields indicate where a remote logon request originated. Workstation name is not always available and may be left blank in some cases.\n\nThe impersonation level field indicates the extent to which a process in the logon session can impersonate.\n\nThe authentication information fields provide detailed information about this specific logon request.\n\t- Logon GUID is a unique identifier that can be used to correlate this event with a KDC event.\n\t- Transited services indicate which intermediate services have participated in this logon request.\n\t- Package name indicates which sub-protocol was used among the NTLM protocols.\n\t- Key length indicates the length of the generated session key. This will be 0 if no session key was requested.",
                    "tags": [
                        "beats_input_codec_plain_applied"
                    ],
                    "host": {
                        "name": "DC01-PROD.estin.local"
                    },
                    "log": {
                        "level": "information"
                    },
                    "@version": "1",
                    "event": {
                        "action": "Logon",
                        "original": "An account was successfully logged on.\n\nSubject:\n\tSecurity ID:\t\tS-1-0-0\n\tAccount Name:\t\t-\n\tAccount Domain:\t\t-\n\tLogon ID:\t\t0x0\n\nLogon Information:\n\tLogon Type:\t\t3\n\tRestricted Admin Mode:\t-\n\tVirtual Account:\t\tNo\n\tElevated Token:\t\tYes\n\nImpersonation Level:\t\tImpersonation\n\nNew Logon:\n\tSecurity ID:\t\tS-1-5-18\n\tAccount Name:\t\tDC01-PROD$\n\tAccount Domain:\t\tESTIN.LOCAL\n\tLogon ID:\t\t0x935889\n\tLinked Logon ID:\t\t0x0\n\tNetwork Account Name:\t-\n\tNetwork Account Domain:\t-\n\tLogon GUID:\t\t{5279d6ef-d58b-8f09-996b-791ea7e67c79}\n\nProcess Information:\n\tProcess ID:\t\t0x0\n\tProcess Name:\t\t-\n\nNetwork Information:\n\tWorkstation Name:\t-\n\tSource Network Address:\tfe80::dc1c:fa22:db7c:e2ad\n\tSource Port:\t\t58141\n\nDetailed Authentication Information:\n\tLogon Process:\t\tKerberos\n\tAuthentication Package:\tKerberos\n\tTransited Services:\t-\n\tPackage Name (NTLM only):\t-\n\tKey Length:\t\t0\n\nThis event is generated when a logon session is created. It is generated on the computer that was accessed.\n\nThe subject fields indicate the account on the local system which requested the logon. This is most commonly a service such as the Server service, or a local process such as Winlogon.exe or Services.exe.\n\nThe logon type field indicates the kind of logon that occurred. The most common types are 2 (interactive) and 3 (network).\n\nThe New Logon fields indicate the account for whom the new logon was created, i.e. the account that was logged on.\n\nThe network fields indicate where a remote logon request originated. Workstation name is not always available and may be left blank in some cases.\n\nThe impersonation level field indicates the extent to which a process in the logon session can impersonate.\n\nThe authentication information fields provide detailed information about this specific logon request.\n\t- Logon GUID is a unique identifier that can be used to correlate this event with a KDC event.\n\t- Transited services indicate which intermediate services have participated in this logon request.\n\t- Package name indicates which sub-protocol was used among the NTLM protocols.\n\t- Key length indicates the length of the generated session key. This will be 0 if no session key was requested.",
                        "outcome": "success",
                        "created": "2026-05-26T08:55:21.436Z",
                        "provider": "Microsoft-Windows-Security-Auditing",
                        "code": "4624",
                        "kind": "event"
                    },
                    "log_source": "windows_security",
                    "@timestamp": "2026-05-26T08:55:21.215Z",
                    "agent": {
                        "id": "37dd74ad-6785-4dfe-9cd4-1894265017c6",
                        "type": "winlogbeat",
                        "ephemeral_id": "6bfc60b6-5446-4b6e-ba6a-7dc7f7b4313d",
                        "version": "8.13.0",
                        "name": "DC01-PROD"
                    },
                    "winlog": {
                        "channel": "Security",
                        "keywords": [
                            "Audit Success"
                        ],
                        "provider_name": "Microsoft-Windows-Security-Auditing",
                        "version": 2,
                        "record_id": 768797,
                        "task": "Logon",
                        "provider_guid": "{54849625-5478-4994-a5ba-3e3b0328c30d}",
                        "event_id": "4624",
                        "computer_name": "DC01-PROD.estin.local",
                        "process": {
                            "pid": 624,
                            "thread": {
                                "id": 3020
                            }
                        },
                        "event_data": {
                            "IpPort": "58141",
                            "SubjectUserSid": "S-1-0-0",
                            "VirtualAccount": "%%1843",
                            "SubjectLogonId": "0x0",
                            "TargetUserSid": "S-1-5-18",
                            "SubjectUserName": "-",
                            "TargetDomainName": "ESTIN.LOCAL",
                            "IpAddress": "fe80::dc1c:fa22:db7c:e2ad",
                            "LmPackageName": "-",
                            "KeyLength": "0",
                            "ImpersonationLevel": "%%1833",
                            "LogonProcessName": "Kerberos",
                            "TargetLogonId": "0x935889",
                            "ProcessName": "-",
                            "WorkstationName": "-",
                            "TargetLinkedLogonId": "0x0",
                            "SubjectDomainName": "-",
                            "LogonType": "3",
                            "TargetOutboundDomainName": "-",
                            "LogonGuid": "{5279d6ef-d58b-8f09-996b-791ea7e67c79}",
                            "TargetUserName": "DC01-PROD$",
                            "AuthenticationPackageName": "Kerberos",
                            "RestrictedAdminMode": "-",
                            "TransmittedServices": "-",
                            "ElevatedToken": "%%1842",
                            "ProcessId": "0x0",
                            "TargetOutboundUserName": "-"
                        },
                        "opcode": "Info",
                        "api": "wineventlog"
                    }
                },
                "sort": [
                    1779785721215
                ]
            },
            {
                "_index": "lab-windows-2026.05.26",
                "_id": "oRJ-Y54BGSbUrs468rqg",
                "_score": null,
                "_ignored": [
                    "message.keyword",
                    "event.original.keyword"
                ],
                "_source": {
                    "ecs": {
                        "version": "8.0.0"
                    },
                    "message": "An account was successfully logged on.\n\nSubject:\n\tSecurity ID:\t\tS-1-0-0\n\tAccount Name:\t\t-\n\tAccount Domain:\t\t-\n\tLogon ID:\t\t0x0\n\nLogon Information:\n\tLogon Type:\t\t3\n\tRestricted Admin Mode:\t-\n\tVirtual Account:\t\tNo\n\tElevated Token:\t\tYes\n\nImpersonation Level:\t\tImpersonation\n\nNew Logon:\n\tSecurity ID:\t\tS-1-5-18\n\tAccount Name:\t\tDC01-PROD$\n\tAccount Domain:\t\tESTIN.LOCAL\n\tLogon ID:\t\t0x935808\n\tLinked Logon ID:\t\t0x0\n\tNetwork Account Name:\t-\n\tNetwork Account Domain:\t-\n\tLogon GUID:\t\t{5279d6ef-d58b-8f09-996b-791ea7e67c79}\n\nProcess Information:\n\tProcess ID:\t\t0x0\n\tProcess Name:\t\t-\n\nNetwork Information:\n\tWorkstation Name:\t-\n\tSource Network Address:\tfe80::dc1c:fa22:db7c:e2ad\n\tSource Port:\t\t58140\n\nDetailed Authentication Information:\n\tLogon Process:\t\tKerberos\n\tAuthentication Package:\tKerberos\n\tTransited Services:\t-\n\tPackage Name (NTLM only):\t-\n\tKey Length:\t\t0\n\nThis event is generated when a logon session is created. It is generated on the computer that was accessed.\n\nThe subject fields indicate the account on the local system which requested the logon. This is most commonly a service such as the Server service, or a local process such as Winlogon.exe or Services.exe.\n\nThe logon type field indicates the kind of logon that occurred. The most common types are 2 (interactive) and 3 (network).\n\nThe New Logon fields indicate the account for whom the new logon was created, i.e. the account that was logged on.\n\nThe network fields indicate where a remote logon request originated. Workstation name is not always available and may be left blank in some cases.\n\nThe impersonation level field indicates the extent to which a process in the logon session can impersonate.\n\nThe authentication information fields provide detailed information about this specific logon request.\n\t- Logon GUID is a unique identifier that can be used to correlate this event with a KDC event.\n\t- Transited services indicate which intermediate services have participated in this logon request.\n\t- Package name indicates which sub-protocol was used among the NTLM protocols.\n\t- Key length indicates the length of the generated session key. This will be 0 if no session key was requested.",
                    "tags": [
                        "beats_input_codec_plain_applied"
                    ],
                    "host": {
                        "name": "DC01-PROD.estin.local"
                    },
                    "log": {
                        "level": "information"
                    },
                    "@version": "1",
                    "event": {
                        "action": "Logon",
                        "original": "An account was successfully logged on.\n\nSubject:\n\tSecurity ID:\t\tS-1-0-0\n\tAccount Name:\t\t-\n\tAccount Domain:\t\t-\n\tLogon ID:\t\t0x0\n\nLogon Information:\n\tLogon Type:\t\t3\n\tRestricted Admin Mode:\t-\n\tVirtual Account:\t\tNo\n\tElevated Token:\t\tYes\n\nImpersonation Level:\t\tImpersonation\n\nNew Logon:\n\tSecurity ID:\t\tS-1-5-18\n\tAccount Name:\t\tDC01-PROD$\n\tAccount Domain:\t\tESTIN.LOCAL\n\tLogon ID:\t\t0x935808\n\tLinked Logon ID:\t\t0x0\n\tNetwork Account Name:\t-\n\tNetwork Account Domain:\t-\n\tLogon GUID:\t\t{5279d6ef-d58b-8f09-996b-791ea7e67c79}\n\nProcess Information:\n\tProcess ID:\t\t0x0\n\tProcess Name:\t\t-\n\nNetwork Information:\n\tWorkstation Name:\t-\n\tSource Network Address:\tfe80::dc1c:fa22:db7c:e2ad\n\tSource Port:\t\t58140\n\nDetailed Authentication Information:\n\tLogon Process:\t\tKerberos\n\tAuthentication Package:\tKerberos\n\tTransited Services:\t-\n\tPackage Name (NTLM only):\t-\n\tKey Length:\t\t0\n\nThis event is generated when a logon session is created. It is generated on the computer that was accessed.\n\nThe subject fields indicate the account on the local system which requested the logon. This is most commonly a service such as the Server service, or a local process such as Winlogon.exe or Services.exe.\n\nThe logon type field indicates the kind of logon that occurred. The most common types are 2 (interactive) and 3 (network).\n\nThe New Logon fields indicate the account for whom the new logon was created, i.e. the account that was logged on.\n\nThe network fields indicate where a remote logon request originated. Workstation name is not always available and may be left blank in some cases.\n\nThe impersonation level field indicates the extent to which a process in the logon session can impersonate.\n\nThe authentication information fields provide detailed information about this specific logon request.\n\t- Logon GUID is a unique identifier that can be used to correlate this event with a KDC event.\n\t- Transited services indicate which intermediate services have participated in this logon request.\n\t- Package name indicates which sub-protocol was used among the NTLM protocols.\n\t- Key length indicates the length of the generated session key. This will be 0 if no session key was requested.",
                        "outcome": "success",
                        "created": "2026-05-26T08:55:21.436Z",
                        "provider": "Microsoft-Windows-Security-Auditing",
                        "code": "4624",
                        "kind": "event"
                    },
                    "log_source": "windows_security",
                    "@timestamp": "2026-05-26T08:55:21.208Z",
                    "agent": {
                        "id": "37dd74ad-6785-4dfe-9cd4-1894265017c6",
                        "type": "winlogbeat",
                        "ephemeral_id": "6bfc60b6-5446-4b6e-ba6a-7dc7f7b4313d",
                        "version": "8.13.0",
                        "name": "DC01-PROD"
                    },
                    "winlog": {
                        "provider_name": "Microsoft-Windows-Security-Auditing",
                        "keywords": [
                            "Audit Success"
                        ],
                        "channel": "Security",
                        "version": 2,
                        "record_id": 768791,
                        "provider_guid": "{54849625-5478-4994-a5ba-3e3b0328c30d}",
                        "task": "Logon",
                        "computer_name": "DC01-PROD.estin.local",
                        "event_id": "4624",
                        "process": {
                            "pid": 624,
                            "thread": {
                                "id": 3020
                            }
                        },
                        "event_data": {
                            "IpPort": "58140",
                            "SubjectUserSid": "S-1-0-0",
                            "VirtualAccount": "%%1843",
                            "SubjectLogonId": "0x0",
                            "TargetUserSid": "S-1-5-18",
                            "SubjectUserName": "-",
                            "IpAddress": "fe80::dc1c:fa22:db7c:e2ad",
                            "TargetDomainName": "ESTIN.LOCAL",
                            "LmPackageName": "-",
                            "KeyLength": "0",
                            "ImpersonationLevel": "%%1833",
                            "ProcessName": "-",
                            "TargetLogonId": "0x935808",
                            "LogonProcessName": "Kerberos",
                            "WorkstationName": "-",
                            "TargetLinkedLogonId": "0x0",
                            "SubjectDomainName": "-",
                            "LogonType": "3",
                            "TargetOutboundDomainName": "-",
                            "TargetUserName": "DC01-PROD$",
                            "LogonGuid": "{5279d6ef-d58b-8f09-996b-791ea7e67c79}",
                            "AuthenticationPackageName": "Kerberos",
                            "RestrictedAdminMode": "-",
                            "TransmittedServices": "-",
                            "ElevatedToken": "%%1842",
                            "ProcessId": "0x0",
                            "TargetOutboundUserName": "-"
                        },
                        "opcode": "Info",
                        "api": "wineventlog"
                    }
                },
                "sort": [
                    1779785721208
                ]
            },
            {
                "_index": "lab-windows-2026.05.26",
                "_id": "oBJ-Y54BGSbUrs468rqg",
                "_score": null,
                "_ignored": [
                    "message.keyword",
                    "event.original.keyword"
                ],
                "_source": {
                    "ecs": {
                        "version": "8.0.0"
                    },
                    "message": "An account was successfully logged on.\n\nSubject:\n\tSecurity ID:\t\tS-1-0-0\n\tAccount Name:\t\t-\n\tAccount Domain:\t\t-\n\tLogon ID:\t\t0x0\n\nLogon Information:\n\tLogon Type:\t\t3\n\tRestricted Admin Mode:\t-\n\tVirtual Account:\t\tNo\n\tElevated Token:\t\tYes\n\nImpersonation Level:\t\tImpersonation\n\nNew Logon:\n\tSecurity ID:\t\tS-1-5-18\n\tAccount Name:\t\tDC01-PROD$\n\tAccount Domain:\t\tESTIN.LOCAL\n\tLogon ID:\t\t0x93524B\n\tLinked Logon ID:\t\t0x0\n\tNetwork Account Name:\t-\n\tNetwork Account Domain:\t-\n\tLogon GUID:\t\t{5279d6ef-d58b-8f09-996b-791ea7e67c79}\n\nProcess Information:\n\tProcess ID:\t\t0x0\n\tProcess Name:\t\t-\n\nNetwork Information:\n\tWorkstation Name:\t-\n\tSource Network Address:\t::1\n\tSource Port:\t\t58138\n\nDetailed Authentication Information:\n\tLogon Process:\t\tKerberos\n\tAuthentication Package:\tKerberos\n\tTransited Services:\t-\n\tPackage Name (NTLM only):\t-\n\tKey Length:\t\t0\n\nThis event is generated when a logon session is created. It is generated on the computer that was accessed.\n\nThe subject fields indicate the account on the local system which requested the logon. This is most commonly a service such as the Server service, or a local process such as Winlogon.exe or Services.exe.\n\nThe logon type field indicates the kind of logon that occurred. The most common types are 2 (interactive) and 3 (network).\n\nThe New Logon fields indicate the account for whom the new logon was created, i.e. the account that was logged on.\n\nThe network fields indicate where a remote logon request originated. Workstation name is not always available and may be left blank in some cases.\n\nThe impersonation level field indicates the extent to which a process in the logon session can impersonate.\n\nThe authentication information fields provide detailed information about this specific logon request.\n\t- Logon GUID is a unique identifier that can be used to correlate this event with a KDC event.\n\t- Transited services indicate which intermediate services have participated in this logon request.\n\t- Package name indicates which sub-protocol was used among the NTLM protocols.\n\t- Key length indicates the length of the generated session key. This will be 0 if no session key was requested.",
                    "tags": [
                        "beats_input_codec_plain_applied"
                    ],
                    "host": {
                        "name": "DC01-PROD.estin.local"
                    },
                    "log": {
                        "level": "information"
                    },
                    "@version": "1",
                    "event": {
                        "action": "Logon",
                        "original": "An account was successfully logged on.\n\nSubject:\n\tSecurity ID:\t\tS-1-0-0\n\tAccount Name:\t\t-\n\tAccount Domain:\t\t-\n\tLogon ID:\t\t0x0\n\nLogon Information:\n\tLogon Type:\t\t3\n\tRestricted Admin Mode:\t-\n\tVirtual Account:\t\tNo\n\tElevated Token:\t\tYes\n\nImpersonation Level:\t\tImpersonation\n\nNew Logon:\n\tSecurity ID:\t\tS-1-5-18\n\tAccount Name:\t\tDC01-PROD$\n\tAccount Domain:\t\tESTIN.LOCAL\n\tLogon ID:\t\t0x93524B\n\tLinked Logon ID:\t\t0x0\n\tNetwork Account Name:\t-\n\tNetwork Account Domain:\t-\n\tLogon GUID:\t\t{5279d6ef-d58b-8f09-996b-791ea7e67c79}\n\nProcess Information:\n\tProcess ID:\t\t0x0\n\tProcess Name:\t\t-\n\nNetwork Information:\n\tWorkstation Name:\t-\n\tSource Network Address:\t::1\n\tSource Port:\t\t58138\n\nDetailed Authentication Information:\n\tLogon Process:\t\tKerberos\n\tAuthentication Package:\tKerberos\n\tTransited Services:\t-\n\tPackage Name (NTLM only):\t-\n\tKey Length:\t\t0\n\nThis event is generated when a logon session is created. It is generated on the computer that was accessed.\n\nThe subject fields indicate the account on the local system which requested the logon. This is most commonly a service such as the Server service, or a local process such as Winlogon.exe or Services.exe.\n\nThe logon type field indicates the kind of logon that occurred. The most common types are 2 (interactive) and 3 (network).\n\nThe New Logon fields indicate the account for whom the new logon was created, i.e. the account that was logged on.\n\nThe network fields indicate where a remote logon request originated. Workstation name is not always available and may be left blank in some cases.\n\nThe impersonation level field indicates the extent to which a process in the logon session can impersonate.\n\nThe authentication information fields provide detailed information about this specific logon request.\n\t- Logon GUID is a unique identifier that can be used to correlate this event with a KDC event.\n\t- Transited services indicate which intermediate services have participated in this logon request.\n\t- Package name indicates which sub-protocol was used among the NTLM protocols.\n\t- Key length indicates the length of the generated session key. This will be 0 if no session key was requested.",
                        "created": "2026-05-26T08:55:14.431Z",
                        "outcome": "success",
                        "provider": "Microsoft-Windows-Security-Auditing",
                        "code": "4624",
                        "kind": "event"
                    },
                    "log_source": "windows_security",
                    "@timestamp": "2026-05-26T08:55:13.412Z",
                    "agent": {
                        "type": "winlogbeat",
                        "id": "37dd74ad-6785-4dfe-9cd4-1894265017c6",
                        "ephemeral_id": "6bfc60b6-5446-4b6e-ba6a-7dc7f7b4313d",
                        "version": "8.13.0",
                        "name": "DC01-PROD"
                    },
                    "winlog": {
                        "provider_name": "Microsoft-Windows-Security-Auditing",
                        "keywords": [
                            "Audit Success"
                        ],
                        "channel": "Security",
                        "version": 2,
                        "record_id": 768772,
                        "provider_guid": "{54849625-5478-4994-a5ba-3e3b0328c30d}",
                        "task": "Logon",
                        "event_id": "4624",
                        "computer_name": "DC01-PROD.estin.local",
                        "process": {
                            "pid": 624,
                            "thread": {
                                "id": 2064
                            }
                        },
                        "event_data": {
                            "IpPort": "58138",
                            "SubjectUserSid": "S-1-0-0",
                            "VirtualAccount": "%%1843",
                            "SubjectLogonId": "0x0",
                            "TargetUserSid": "S-1-5-18",
                            "SubjectUserName": "-",
                            "TargetDomainName": "ESTIN.LOCAL",
                            "IpAddress": "::1",
                            "LmPackageName": "-",
                            "KeyLength": "0",
                            "ImpersonationLevel": "%%1833",
                            "LogonProcessName": "Kerberos",
                            "TargetLogonId": "0x93524b",
                            "ProcessName": "-",
                            "WorkstationName": "-",
                            "TargetLinkedLogonId": "0x0",
                            "SubjectDomainName": "-",
                            "LogonType": "3",
                            "TargetOutboundDomainName": "-",
                            "LogonGuid": "{5279d6ef-d58b-8f09-996b-791ea7e67c79}",
                            "TargetUserName": "DC01-PROD$",
                            "AuthenticationPackageName": "Kerberos",
                            "RestrictedAdminMode": "-",
                            "TransmittedServices": "-",
                            "ElevatedToken": "%%1842",
                            "ProcessId": "0x0",
                            "TargetOutboundUserName": "-"
                        },
                        "opcode": "Info",
                        "api": "wineventlog"
                    }
                },
                "sort": [
                    1779785713412
                ]
            },
            {
                "_index": "lab-windows-2026.05.26",
                "_id": "nxJ-Y54BGSbUrs46dbqR",
                "_score": null,
                "_ignored": [
                    "message.keyword",
                    "event.original.keyword"
                ],
                "_source": {
                    "ecs": {
                        "version": "8.0.0"
                    },
                    "message": "An account was successfully logged on.\n\nSubject:\n\tSecurity ID:\t\tS-1-0-0\n\tAccount Name:\t\t-\n\tAccount Domain:\t\t-\n\tLogon ID:\t\t0x0\n\nLogon Information:\n\tLogon Type:\t\t3\n\tRestricted Admin Mode:\t-\n\tVirtual Account:\t\tNo\n\tElevated Token:\t\tYes\n\nImpersonation Level:\t\tImpersonation\n\nNew Logon:\n\tSecurity ID:\t\tS-1-5-18\n\tAccount Name:\t\tDC01-PROD$\n\tAccount Domain:\t\tESTIN.LOCAL\n\tLogon ID:\t\t0x93293F\n\tLinked Logon ID:\t\t0x0\n\tNetwork Account Name:\t-\n\tNetwork Account Domain:\t-\n\tLogon GUID:\t\t{3415892e-4cde-5934-64e3-4ef0ad1848e5}\n\nProcess Information:\n\tProcess ID:\t\t0x0\n\tProcess Name:\t\t-\n\nNetwork Information:\n\tWorkstation Name:\t-\n\tSource Network Address:\t::1\n\tSource Port:\t\t0\n\nDetailed Authentication Information:\n\tLogon Process:\t\tKerberos\n\tAuthentication Package:\tKerberos\n\tTransited Services:\t-\n\tPackage Name (NTLM only):\t-\n\tKey Length:\t\t0\n\nThis event is generated when a logon session is created. It is generated on the computer that was accessed.\n\nThe subject fields indicate the account on the local system which requested the logon. This is most commonly a service such as the Server service, or a local process such as Winlogon.exe or Services.exe.\n\nThe logon type field indicates the kind of logon that occurred. The most common types are 2 (interactive) and 3 (network).\n\nThe New Logon fields indicate the account for whom the new logon was created, i.e. the account that was logged on.\n\nThe network fields indicate where a remote logon request originated. Workstation name is not always available and may be left blank in some cases.\n\nThe impersonation level field indicates the extent to which a process in the logon session can impersonate.\n\nThe authentication information fields provide detailed information about this specific logon request.\n\t- Logon GUID is a unique identifier that can be used to correlate this event with a KDC event.\n\t- Transited services indicate which intermediate services have participated in this logon request.\n\t- Package name indicates which sub-protocol was used among the NTLM protocols.\n\t- Key length indicates the length of the generated session key. This will be 0 if no session key was requested.",
                    "tags": [
                        "beats_input_codec_plain_applied"
                    ],
                    "host": {
                        "name": "DC01-PROD.estin.local"
                    },
                    "log": {
                        "level": "information"
                    },
                    "@version": "1",
                    "event": {
                        "action": "Logon",
                        "original": "An account was successfully logged on.\n\nSubject:\n\tSecurity ID:\t\tS-1-0-0\n\tAccount Name:\t\t-\n\tAccount Domain:\t\t-\n\tLogon ID:\t\t0x0\n\nLogon Information:\n\tLogon Type:\t\t3\n\tRestricted Admin Mode:\t-\n\tVirtual Account:\t\tNo\n\tElevated Token:\t\tYes\n\nImpersonation Level:\t\tImpersonation\n\nNew Logon:\n\tSecurity ID:\t\tS-1-5-18\n\tAccount Name:\t\tDC01-PROD$\n\tAccount Domain:\t\tESTIN.LOCAL\n\tLogon ID:\t\t0x93293F\n\tLinked Logon ID:\t\t0x0\n\tNetwork Account Name:\t-\n\tNetwork Account Domain:\t-\n\tLogon GUID:\t\t{3415892e-4cde-5934-64e3-4ef0ad1848e5}\n\nProcess Information:\n\tProcess ID:\t\t0x0\n\tProcess Name:\t\t-\n\nNetwork Information:\n\tWorkstation Name:\t-\n\tSource Network Address:\t::1\n\tSource Port:\t\t0\n\nDetailed Authentication Information:\n\tLogon Process:\t\tKerberos\n\tAuthentication Package:\tKerberos\n\tTransited Services:\t-\n\tPackage Name (NTLM only):\t-\n\tKey Length:\t\t0\n\nThis event is generated when a logon session is created. It is generated on the computer that was accessed.\n\nThe subject fields indicate the account on the local system which requested the logon. This is most commonly a service such as the Server service, or a local process such as Winlogon.exe or Services.exe.\n\nThe logon type field indicates the kind of logon that occurred. The most common types are 2 (interactive) and 3 (network).\n\nThe New Logon fields indicate the account for whom the new logon was created, i.e. the account that was logged on.\n\nThe network fields indicate where a remote logon request originated. Workstation name is not always available and may be left blank in some cases.\n\nThe impersonation level field indicates the extent to which a process in the logon session can impersonate.\n\nThe authentication information fields provide detailed information about this specific logon request.\n\t- Logon GUID is a unique identifier that can be used to correlate this event with a KDC event.\n\t- Transited services indicate which intermediate services have participated in this logon request.\n\t- Package name indicates which sub-protocol was used among the NTLM protocols.\n\t- Key length indicates the length of the generated session key. This will be 0 if no session key was requested.",
                        "outcome": "success",
                        "created": "2026-05-26T08:54:42.406Z",
                        "provider": "Microsoft-Windows-Security-Auditing",
                        "code": "4624",
                        "kind": "event"
                    },
                    "log_source": "windows_security",
                    "@timestamp": "2026-05-26T08:54:41.349Z",
                    "agent": {
                        "type": "winlogbeat",
                        "id": "37dd74ad-6785-4dfe-9cd4-1894265017c6",
                        "ephemeral_id": "6bfc60b6-5446-4b6e-ba6a-7dc7f7b4313d",
                        "version": "8.13.0",
                        "name": "DC01-PROD"
                    },
                    "winlog": {
                        "channel": "Security",
                        "keywords": [
                            "Audit Success"
                        ],
                        "api": "wineventlog",
                        "version": 2,
                        "activity_id": "{3aab1cb8-c7aa-0001-171d-ab3aaac7dc01}",
                        "record_id": 768727,
                        "task": "Logon",
                        "provider_guid": "{54849625-5478-4994-a5ba-3e3b0328c30d}",
                        "computer_name": "DC01-PROD.estin.local",
                        "event_id": "4624",
                        "process": {
                            "pid": 624,
                            "thread": {
                                "id": 4020
                            }
                        },
                        "event_data": {
                            "IpPort": "0",
                            "SubjectUserSid": "S-1-0-0",
                            "VirtualAccount": "%%1843",
                            "SubjectLogonId": "0x0",
                            "TargetUserSid": "S-1-5-18",
                            "SubjectUserName": "-",
                            "IpAddress": "::1",
                            "TargetDomainName": "ESTIN.LOCAL",
                            "LmPackageName": "-",
                            "KeyLength": "0",
                            "ProcessName": "-",
                            "ImpersonationLevel": "%%1833",
                            "TargetLogonId": "0x93293f",
                            "LogonProcessName": "Kerberos",
                            "WorkstationName": "-",
                            "TargetLinkedLogonId": "0x0",
                            "SubjectDomainName": "-",
                            "LogonType": "3",
                            "TargetOutboundDomainName": "-",
                            "TargetUserName": "DC01-PROD$",
                            "LogonGuid": "{3415892e-4cde-5934-64e3-4ef0ad1848e5}",
                            "AuthenticationPackageName": "Kerberos",
                            "RestrictedAdminMode": "-",
                            "TransmittedServices": "-",
                            "ElevatedToken": "%%1842",
                            "ProcessId": "0x0",
                            "TargetOutboundUserName": "-"
                        },
                        "opcode": "Info",
                        "provider_name": "Microsoft-Windows-Security-Auditing"
                    }
                },
                "sort": [
                    1779785681349
                ]
            },
            {
                "_index": "lab-windows-2026.05.26",
                "_id": "nhJ-Y54BGSbUrs46dbqO",
                "_score": null,
                "_ignored": [
                    "message.keyword",
                    "event.original.keyword"
                ],
                "_source": {
                    "ecs": {
                        "version": "8.0.0"
                    },
                    "message": "An account was successfully logged on.\n\nSubject:\n\tSecurity ID:\t\tS-1-0-0\n\tAccount Name:\t\t-\n\tAccount Domain:\t\t-\n\tLogon ID:\t\t0x0\n\nLogon Information:\n\tLogon Type:\t\t3\n\tRestricted Admin Mode:\t-\n\tVirtual Account:\t\tNo\n\tElevated Token:\t\tYes\n\nImpersonation Level:\t\tDelegation\n\nNew Logon:\n\tSecurity ID:\t\tS-1-5-18\n\tAccount Name:\t\tDC01-PROD$\n\tAccount Domain:\t\tESTIN.LOCAL\n\tLogon ID:\t\t0x932863\n\tLinked Logon ID:\t\t0x0\n\tNetwork Account Name:\t-\n\tNetwork Account Domain:\t-\n\tLogon GUID:\t\t{3415892e-4cde-5934-64e3-4ef0ad1848e5}\n\nProcess Information:\n\tProcess ID:\t\t0x0\n\tProcess Name:\t\t-\n\nNetwork Information:\n\tWorkstation Name:\t-\n\tSource Network Address:\tfe80::dc1c:fa22:db7c:e2ad\n\tSource Port:\t\t58137\n\nDetailed Authentication Information:\n\tLogon Process:\t\tKerberos\n\tAuthentication Package:\tKerberos\n\tTransited Services:\t-\n\tPackage Name (NTLM only):\t-\n\tKey Length:\t\t0\n\nThis event is generated when a logon session is created. It is generated on the computer that was accessed.\n\nThe subject fields indicate the account on the local system which requested the logon. This is most commonly a service such as the Server service, or a local process such as Winlogon.exe or Services.exe.\n\nThe logon type field indicates the kind of logon that occurred. The most common types are 2 (interactive) and 3 (network).\n\nThe New Logon fields indicate the account for whom the new logon was created, i.e. the account that was logged on.\n\nThe network fields indicate where a remote logon request originated. Workstation name is not always available and may be left blank in some cases.\n\nThe impersonation level field indicates the extent to which a process in the logon session can impersonate.\n\nThe authentication information fields provide detailed information about this specific logon request.\n\t- Logon GUID is a unique identifier that can be used to correlate this event with a KDC event.\n\t- Transited services indicate which intermediate services have participated in this logon request.\n\t- Package name indicates which sub-protocol was used among the NTLM protocols.\n\t- Key length indicates the length of the generated session key. This will be 0 if no session key was requested.",
                    "tags": [
                        "beats_input_codec_plain_applied"
                    ],
                    "host": {
                        "name": "DC01-PROD.estin.local"
                    },
                    "log": {
                        "level": "information"
                    },
                    "@version": "1",
                    "event": {
                        "action": "Logon",
                        "original": "An account was successfully logged on.\n\nSubject:\n\tSecurity ID:\t\tS-1-0-0\n\tAccount Name:\t\t-\n\tAccount Domain:\t\t-\n\tLogon ID:\t\t0x0\n\nLogon Information:\n\tLogon Type:\t\t3\n\tRestricted Admin Mode:\t-\n\tVirtual Account:\t\tNo\n\tElevated Token:\t\tYes\n\nImpersonation Level:\t\tDelegation\n\nNew Logon:\n\tSecurity ID:\t\tS-1-5-18\n\tAccount Name:\t\tDC01-PROD$\n\tAccount Domain:\t\tESTIN.LOCAL\n\tLogon ID:\t\t0x932863\n\tLinked Logon ID:\t\t0x0\n\tNetwork Account Name:\t-\n\tNetwork Account Domain:\t-\n\tLogon GUID:\t\t{3415892e-4cde-5934-64e3-4ef0ad1848e5}\n\nProcess Information:\n\tProcess ID:\t\t0x0\n\tProcess Name:\t\t-\n\nNetwork Information:\n\tWorkstation Name:\t-\n\tSource Network Address:\tfe80::dc1c:fa22:db7c:e2ad\n\tSource Port:\t\t58137\n\nDetailed Authentication Information:\n\tLogon Process:\t\tKerberos\n\tAuthentication Package:\tKerberos\n\tTransited Services:\t-\n\tPackage Name (NTLM only):\t-\n\tKey Length:\t\t0\n\nThis event is generated when a logon session is created. It is generated on the computer that was accessed.\n\nThe subject fields indicate the account on the local system which requested the logon. This is most commonly a service such as the Server service, or a local process such as Winlogon.exe or Services.exe.\n\nThe logon type field indicates the kind of logon that occurred. The most common types are 2 (interactive) and 3 (network).\n\nThe New Logon fields indicate the account for whom the new logon was created, i.e. the account that was logged on.\n\nThe network fields indicate where a remote logon request originated. Workstation name is not always available and may be left blank in some cases.\n\nThe impersonation level field indicates the extent to which a process in the logon session can impersonate.\n\nThe authentication information fields provide detailed information about this specific logon request.\n\t- Logon GUID is a unique identifier that can be used to correlate this event with a KDC event.\n\t- Transited services indicate which intermediate services have participated in this logon request.\n\t- Package name indicates which sub-protocol was used among the NTLM protocols.\n\t- Key length indicates the length of the generated session key. This will be 0 if no session key was requested.",
                        "outcome": "success",
                        "created": "2026-05-26T08:54:42.406Z",
                        "provider": "Microsoft-Windows-Security-Auditing",
                        "kind": "event",
                        "code": "4624"
                    },
                    "log_source": "windows_security",
                    "@timestamp": "2026-05-26T08:54:41.341Z",
                    "agent": {
                        "id": "37dd74ad-6785-4dfe-9cd4-1894265017c6",
                        "type": "winlogbeat",
                        "ephemeral_id": "6bfc60b6-5446-4b6e-ba6a-7dc7f7b4313d",
                        "version": "8.13.0",
                        "name": "DC01-PROD"
                    },
                    "winlog": {
                        "api": "wineventlog",
                        "channel": "Security",
                        "keywords": [
                            "Audit Success"
                        ],
                        "version": 2,
                        "activity_id": "{3aab1cb8-c7aa-0001-171d-ab3aaac7dc01}",
                        "record_id": 768720,
                        "task": "Logon",
                        "provider_guid": "{54849625-5478-4994-a5ba-3e3b0328c30d}",
                        "computer_name": "DC01-PROD.estin.local",
                        "event_id": "4624",
                        "process": {
                            "pid": 624,
                            "thread": {
                                "id": 4020
                            }
                        },
                        "event_data": {
                            "IpPort": "58137",
                            "SubjectUserSid": "S-1-0-0",
                            "VirtualAccount": "%%1843",
                            "SubjectLogonId": "0x0",
                            "TargetUserSid": "S-1-5-18",
                            "SubjectUserName": "-",
                            "IpAddress": "fe80::dc1c:fa22:db7c:e2ad",
                            "TargetDomainName": "ESTIN.LOCAL",
                            "LmPackageName": "-",
                            "KeyLength": "0",
                            "LogonProcessName": "Kerberos",
                            "TargetLogonId": "0x932863",
                            "ProcessName": "-",
                            "ImpersonationLevel": "%%1840",
                            "WorkstationName": "-",
                            "TargetLinkedLogonId": "0x0",
                            "SubjectDomainName": "-",
                            "LogonType": "3",
                            "TargetOutboundDomainName": "-",
                            "LogonGuid": "{3415892e-4cde-5934-64e3-4ef0ad1848e5}",
                            "TargetUserName": "DC01-PROD$",
                            "AuthenticationPackageName": "Kerberos",
                            "RestrictedAdminMode": "-",
                            "TransmittedServices": "-",
                            "ElevatedToken": "%%1842",
                            "ProcessId": "0x0",
                            "TargetOutboundUserName": "-"
                        },
                        "opcode": "Info",
                        "provider_name": "Microsoft-Windows-Security-Auditing"
                    }
                },
                "sort": [
                    1779785681341
                ]
            },
